[2023-09-25 14:53:07,589] {processor.py:153} INFO - Started process (PID=196) to work on /opt/airflow/dags/1_dags.py
[2023-09-25 14:53:07,595] {processor.py:641} INFO - Processing file /opt/airflow/dags/1_dags.py for tasks to queue
[2023-09-25 14:53:07,599] {logging_mixin.py:115} INFO - [2023-09-25 14:53:07,598] {dagbag.py:507} INFO - Filling up the DagBag from /opt/airflow/dags/1_dags.py
[2023-09-25 14:53:07,819] {logging_mixin.py:115} INFO - [2023-09-25 14:53:07,805] {dagbag.py:320} ERROR - Failed to import: /opt/airflow/dags/1_dags.py
Traceback (most recent call last):
  File "/home/airflow/.local/lib/python3.7/site-packages/airflow/models/dagbag.py", line 317, in parse
    loader.exec_module(new_module)
  File "<frozen importlib._bootstrap_external>", line 728, in exec_module
  File "<frozen importlib._bootstrap>", line 219, in _call_with_frames_removed
  File "/opt/airflow/dags/1_dags.py", line 8, in <module>
    from modules.covid_scraper import CovidScraper
ModuleNotFoundError: No module named 'modules.covid_scraper'
[2023-09-25 14:53:07,839] {processor.py:653} WARNING - No viable dags retrieved from /opt/airflow/dags/1_dags.py
[2023-09-25 14:53:07,941] {processor.py:161} INFO - Processing /opt/airflow/dags/1_dags.py took 0.371 seconds
[2023-09-25 14:53:38,186] {processor.py:153} INFO - Started process (PID=201) to work on /opt/airflow/dags/1_dags.py
[2023-09-25 14:53:38,187] {processor.py:641} INFO - Processing file /opt/airflow/dags/1_dags.py for tasks to queue
[2023-09-25 14:53:38,188] {logging_mixin.py:115} INFO - [2023-09-25 14:53:38,188] {dagbag.py:507} INFO - Filling up the DagBag from /opt/airflow/dags/1_dags.py
[2023-09-25 14:53:38,276] {logging_mixin.py:115} INFO - [2023-09-25 14:53:38,256] {dagbag.py:320} ERROR - Failed to import: /opt/airflow/dags/1_dags.py
Traceback (most recent call last):
  File "/home/airflow/.local/lib/python3.7/site-packages/airflow/models/dagbag.py", line 317, in parse
    loader.exec_module(new_module)
  File "<frozen importlib._bootstrap_external>", line 728, in exec_module
  File "<frozen importlib._bootstrap>", line 219, in _call_with_frames_removed
  File "/opt/airflow/dags/1_dags.py", line 8, in <module>
    from modules.covid_scraper import CovidScraper
ModuleNotFoundError: No module named 'modules.covid_scraper'
[2023-09-25 14:53:38,280] {processor.py:653} WARNING - No viable dags retrieved from /opt/airflow/dags/1_dags.py
[2023-09-25 14:53:38,515] {processor.py:161} INFO - Processing /opt/airflow/dags/1_dags.py took 0.366 seconds
[2023-09-25 14:54:08,677] {processor.py:153} INFO - Started process (PID=206) to work on /opt/airflow/dags/1_dags.py
[2023-09-25 14:54:08,678] {processor.py:641} INFO - Processing file /opt/airflow/dags/1_dags.py for tasks to queue
[2023-09-25 14:54:08,679] {logging_mixin.py:115} INFO - [2023-09-25 14:54:08,679] {dagbag.py:507} INFO - Filling up the DagBag from /opt/airflow/dags/1_dags.py
[2023-09-25 14:54:08,733] {logging_mixin.py:115} INFO - [2023-09-25 14:54:08,721] {dagbag.py:320} ERROR - Failed to import: /opt/airflow/dags/1_dags.py
Traceback (most recent call last):
  File "/home/airflow/.local/lib/python3.7/site-packages/airflow/models/dagbag.py", line 317, in parse
    loader.exec_module(new_module)
  File "<frozen importlib._bootstrap_external>", line 728, in exec_module
  File "<frozen importlib._bootstrap>", line 219, in _call_with_frames_removed
  File "/opt/airflow/dags/1_dags.py", line 8, in <module>
    from modules.covid_scraper import CovidScraper
ModuleNotFoundError: No module named 'modules.covid_scraper'
[2023-09-25 14:54:08,738] {processor.py:653} WARNING - No viable dags retrieved from /opt/airflow/dags/1_dags.py
[2023-09-25 14:54:08,763] {processor.py:161} INFO - Processing /opt/airflow/dags/1_dags.py took 0.090 seconds
[2023-09-25 14:54:38,815] {processor.py:153} INFO - Started process (PID=211) to work on /opt/airflow/dags/1_dags.py
[2023-09-25 14:54:38,817] {processor.py:641} INFO - Processing file /opt/airflow/dags/1_dags.py for tasks to queue
[2023-09-25 14:54:38,818] {logging_mixin.py:115} INFO - [2023-09-25 14:54:38,818] {dagbag.py:507} INFO - Filling up the DagBag from /opt/airflow/dags/1_dags.py
[2023-09-25 14:54:38,947] {logging_mixin.py:115} INFO - [2023-09-25 14:54:38,943] {dagbag.py:320} ERROR - Failed to import: /opt/airflow/dags/1_dags.py
Traceback (most recent call last):
  File "/home/airflow/.local/lib/python3.7/site-packages/airflow/models/dagbag.py", line 317, in parse
    loader.exec_module(new_module)
  File "<frozen importlib._bootstrap_external>", line 728, in exec_module
  File "<frozen importlib._bootstrap>", line 219, in _call_with_frames_removed
  File "/opt/airflow/dags/1_dags.py", line 8, in <module>
    from modules.covid_scraper import CovidScraper
ModuleNotFoundError: No module named 'modules.covid_scraper'
[2023-09-25 14:54:38,948] {processor.py:653} WARNING - No viable dags retrieved from /opt/airflow/dags/1_dags.py
[2023-09-25 14:54:38,969] {processor.py:161} INFO - Processing /opt/airflow/dags/1_dags.py took 0.161 seconds
[2023-09-25 14:55:09,063] {processor.py:153} INFO - Started process (PID=216) to work on /opt/airflow/dags/1_dags.py
[2023-09-25 14:55:09,065] {processor.py:641} INFO - Processing file /opt/airflow/dags/1_dags.py for tasks to queue
[2023-09-25 14:55:09,067] {logging_mixin.py:115} INFO - [2023-09-25 14:55:09,066] {dagbag.py:507} INFO - Filling up the DagBag from /opt/airflow/dags/1_dags.py
[2023-09-25 14:55:09,118] {logging_mixin.py:115} INFO - [2023-09-25 14:55:09,113] {dagbag.py:320} ERROR - Failed to import: /opt/airflow/dags/1_dags.py
Traceback (most recent call last):
  File "/home/airflow/.local/lib/python3.7/site-packages/airflow/models/dagbag.py", line 317, in parse
    loader.exec_module(new_module)
  File "<frozen importlib._bootstrap_external>", line 728, in exec_module
  File "<frozen importlib._bootstrap>", line 219, in _call_with_frames_removed
  File "/opt/airflow/dags/1_dags.py", line 8, in <module>
    from modules.covid_scraper import CovidScraper
ModuleNotFoundError: No module named 'modules.covid_scraper'
[2023-09-25 14:55:09,119] {processor.py:653} WARNING - No viable dags retrieved from /opt/airflow/dags/1_dags.py
[2023-09-25 14:55:09,143] {processor.py:161} INFO - Processing /opt/airflow/dags/1_dags.py took 0.083 seconds
[2023-09-25 14:55:39,307] {processor.py:153} INFO - Started process (PID=221) to work on /opt/airflow/dags/1_dags.py
[2023-09-25 14:55:39,308] {processor.py:641} INFO - Processing file /opt/airflow/dags/1_dags.py for tasks to queue
[2023-09-25 14:55:39,309] {logging_mixin.py:115} INFO - [2023-09-25 14:55:39,309] {dagbag.py:507} INFO - Filling up the DagBag from /opt/airflow/dags/1_dags.py
[2023-09-25 14:55:39,388] {logging_mixin.py:115} INFO - [2023-09-25 14:55:39,376] {dagbag.py:320} ERROR - Failed to import: /opt/airflow/dags/1_dags.py
Traceback (most recent call last):
  File "/home/airflow/.local/lib/python3.7/site-packages/airflow/models/dagbag.py", line 317, in parse
    loader.exec_module(new_module)
  File "<frozen importlib._bootstrap_external>", line 728, in exec_module
  File "<frozen importlib._bootstrap>", line 219, in _call_with_frames_removed
  File "/opt/airflow/dags/1_dags.py", line 8, in <module>
    from modules.covid_scraper import CovidScraper
ModuleNotFoundError: No module named 'modules.covid_scraper'
[2023-09-25 14:55:39,391] {processor.py:653} WARNING - No viable dags retrieved from /opt/airflow/dags/1_dags.py
[2023-09-25 14:55:39,419] {processor.py:161} INFO - Processing /opt/airflow/dags/1_dags.py took 0.117 seconds
[2023-09-25 14:56:09,465] {processor.py:153} INFO - Started process (PID=226) to work on /opt/airflow/dags/1_dags.py
[2023-09-25 14:56:09,466] {processor.py:641} INFO - Processing file /opt/airflow/dags/1_dags.py for tasks to queue
[2023-09-25 14:56:09,467] {logging_mixin.py:115} INFO - [2023-09-25 14:56:09,467] {dagbag.py:507} INFO - Filling up the DagBag from /opt/airflow/dags/1_dags.py
[2023-09-25 14:56:09,508] {logging_mixin.py:115} INFO - [2023-09-25 14:56:09,503] {dagbag.py:320} ERROR - Failed to import: /opt/airflow/dags/1_dags.py
Traceback (most recent call last):
  File "/home/airflow/.local/lib/python3.7/site-packages/airflow/models/dagbag.py", line 317, in parse
    loader.exec_module(new_module)
  File "<frozen importlib._bootstrap_external>", line 728, in exec_module
  File "<frozen importlib._bootstrap>", line 219, in _call_with_frames_removed
  File "/opt/airflow/dags/1_dags.py", line 8, in <module>
    from modules.covid_scraper import CovidScraper
ModuleNotFoundError: No module named 'modules.covid_scraper'
[2023-09-25 14:56:09,510] {processor.py:653} WARNING - No viable dags retrieved from /opt/airflow/dags/1_dags.py
[2023-09-25 14:56:09,532] {processor.py:161} INFO - Processing /opt/airflow/dags/1_dags.py took 0.072 seconds
[2023-09-25 14:56:39,605] {processor.py:153} INFO - Started process (PID=231) to work on /opt/airflow/dags/1_dags.py
[2023-09-25 14:56:39,606] {processor.py:641} INFO - Processing file /opt/airflow/dags/1_dags.py for tasks to queue
[2023-09-25 14:56:39,607] {logging_mixin.py:115} INFO - [2023-09-25 14:56:39,607] {dagbag.py:507} INFO - Filling up the DagBag from /opt/airflow/dags/1_dags.py
[2023-09-25 14:56:39,650] {logging_mixin.py:115} INFO - [2023-09-25 14:56:39,646] {dagbag.py:320} ERROR - Failed to import: /opt/airflow/dags/1_dags.py
Traceback (most recent call last):
  File "/home/airflow/.local/lib/python3.7/site-packages/airflow/models/dagbag.py", line 317, in parse
    loader.exec_module(new_module)
  File "<frozen importlib._bootstrap_external>", line 728, in exec_module
  File "<frozen importlib._bootstrap>", line 219, in _call_with_frames_removed
  File "/opt/airflow/dags/1_dags.py", line 8, in <module>
    from modules.covid_scraper import CovidScraper
ModuleNotFoundError: No module named 'modules.covid_scraper'
[2023-09-25 14:56:39,651] {processor.py:653} WARNING - No viable dags retrieved from /opt/airflow/dags/1_dags.py
[2023-09-25 14:56:39,678] {processor.py:161} INFO - Processing /opt/airflow/dags/1_dags.py took 0.076 seconds
[2023-09-25 14:57:09,831] {processor.py:153} INFO - Started process (PID=236) to work on /opt/airflow/dags/1_dags.py
[2023-09-25 14:57:09,835] {processor.py:641} INFO - Processing file /opt/airflow/dags/1_dags.py for tasks to queue
[2023-09-25 14:57:09,835] {logging_mixin.py:115} INFO - [2023-09-25 14:57:09,835] {dagbag.py:507} INFO - Filling up the DagBag from /opt/airflow/dags/1_dags.py
[2023-09-25 14:57:09,882] {logging_mixin.py:115} INFO - [2023-09-25 14:57:09,878] {dagbag.py:320} ERROR - Failed to import: /opt/airflow/dags/1_dags.py
Traceback (most recent call last):
  File "/home/airflow/.local/lib/python3.7/site-packages/airflow/models/dagbag.py", line 317, in parse
    loader.exec_module(new_module)
  File "<frozen importlib._bootstrap_external>", line 728, in exec_module
  File "<frozen importlib._bootstrap>", line 219, in _call_with_frames_removed
  File "/opt/airflow/dags/1_dags.py", line 8, in <module>
    from modules.covid_scraper import CovidScraper
ModuleNotFoundError: No module named 'modules.covid_scraper'
[2023-09-25 14:57:09,883] {processor.py:653} WARNING - No viable dags retrieved from /opt/airflow/dags/1_dags.py
[2023-09-25 14:57:10,006] {processor.py:161} INFO - Processing /opt/airflow/dags/1_dags.py took 0.177 seconds
[2023-09-25 14:57:40,176] {processor.py:153} INFO - Started process (PID=241) to work on /opt/airflow/dags/1_dags.py
[2023-09-25 14:57:40,179] {processor.py:641} INFO - Processing file /opt/airflow/dags/1_dags.py for tasks to queue
[2023-09-25 14:57:40,179] {logging_mixin.py:115} INFO - [2023-09-25 14:57:40,179] {dagbag.py:507} INFO - Filling up the DagBag from /opt/airflow/dags/1_dags.py
[2023-09-25 14:57:40,238] {logging_mixin.py:115} INFO - [2023-09-25 14:57:40,232] {dagbag.py:320} ERROR - Failed to import: /opt/airflow/dags/1_dags.py
Traceback (most recent call last):
  File "/home/airflow/.local/lib/python3.7/site-packages/airflow/models/dagbag.py", line 317, in parse
    loader.exec_module(new_module)
  File "<frozen importlib._bootstrap_external>", line 728, in exec_module
  File "<frozen importlib._bootstrap>", line 219, in _call_with_frames_removed
  File "/opt/airflow/dags/1_dags.py", line 8, in <module>
    from modules.covid_scraper import CovidScraper
ModuleNotFoundError: No module named 'modules.covid_scraper'
[2023-09-25 14:57:40,241] {processor.py:653} WARNING - No viable dags retrieved from /opt/airflow/dags/1_dags.py
[2023-09-25 14:57:40,271] {processor.py:161} INFO - Processing /opt/airflow/dags/1_dags.py took 0.102 seconds
[2023-09-25 14:58:10,402] {processor.py:153} INFO - Started process (PID=246) to work on /opt/airflow/dags/1_dags.py
[2023-09-25 14:58:10,403] {processor.py:641} INFO - Processing file /opt/airflow/dags/1_dags.py for tasks to queue
[2023-09-25 14:58:10,404] {logging_mixin.py:115} INFO - [2023-09-25 14:58:10,404] {dagbag.py:507} INFO - Filling up the DagBag from /opt/airflow/dags/1_dags.py
[2023-09-25 14:58:10,451] {logging_mixin.py:115} INFO - [2023-09-25 14:58:10,448] {dagbag.py:320} ERROR - Failed to import: /opt/airflow/dags/1_dags.py
Traceback (most recent call last):
  File "/home/airflow/.local/lib/python3.7/site-packages/airflow/models/dagbag.py", line 317, in parse
    loader.exec_module(new_module)
  File "<frozen importlib._bootstrap_external>", line 728, in exec_module
  File "<frozen importlib._bootstrap>", line 219, in _call_with_frames_removed
  File "/opt/airflow/dags/1_dags.py", line 8, in <module>
    from modules.covid_scraper import CovidScraper
ModuleNotFoundError: No module named 'modules.covid_scraper'
[2023-09-25 14:58:10,455] {processor.py:653} WARNING - No viable dags retrieved from /opt/airflow/dags/1_dags.py
[2023-09-25 14:58:10,487] {processor.py:161} INFO - Processing /opt/airflow/dags/1_dags.py took 0.089 seconds
[2023-09-25 14:58:40,579] {processor.py:153} INFO - Started process (PID=251) to work on /opt/airflow/dags/1_dags.py
[2023-09-25 14:58:40,581] {processor.py:641} INFO - Processing file /opt/airflow/dags/1_dags.py for tasks to queue
[2023-09-25 14:58:40,582] {logging_mixin.py:115} INFO - [2023-09-25 14:58:40,582] {dagbag.py:507} INFO - Filling up the DagBag from /opt/airflow/dags/1_dags.py
[2023-09-25 14:58:40,631] {logging_mixin.py:115} INFO - [2023-09-25 14:58:40,615] {dagbag.py:320} ERROR - Failed to import: /opt/airflow/dags/1_dags.py
Traceback (most recent call last):
  File "/home/airflow/.local/lib/python3.7/site-packages/airflow/models/dagbag.py", line 317, in parse
    loader.exec_module(new_module)
  File "<frozen importlib._bootstrap_external>", line 728, in exec_module
  File "<frozen importlib._bootstrap>", line 219, in _call_with_frames_removed
  File "/opt/airflow/dags/1_dags.py", line 8, in <module>
    from modules.covid_scraper import CovidScraper
ModuleNotFoundError: No module named 'modules.covid_scraper'
[2023-09-25 14:58:40,633] {processor.py:653} WARNING - No viable dags retrieved from /opt/airflow/dags/1_dags.py
[2023-09-25 14:58:40,666] {processor.py:161} INFO - Processing /opt/airflow/dags/1_dags.py took 0.090 seconds
[2023-09-25 14:59:10,775] {processor.py:153} INFO - Started process (PID=256) to work on /opt/airflow/dags/1_dags.py
[2023-09-25 14:59:10,778] {processor.py:641} INFO - Processing file /opt/airflow/dags/1_dags.py for tasks to queue
[2023-09-25 14:59:10,779] {logging_mixin.py:115} INFO - [2023-09-25 14:59:10,779] {dagbag.py:507} INFO - Filling up the DagBag from /opt/airflow/dags/1_dags.py
[2023-09-25 14:59:10,824] {logging_mixin.py:115} INFO - [2023-09-25 14:59:10,818] {dagbag.py:320} ERROR - Failed to import: /opt/airflow/dags/1_dags.py
Traceback (most recent call last):
  File "/home/airflow/.local/lib/python3.7/site-packages/airflow/models/dagbag.py", line 317, in parse
    loader.exec_module(new_module)
  File "<frozen importlib._bootstrap_external>", line 728, in exec_module
  File "<frozen importlib._bootstrap>", line 219, in _call_with_frames_removed
  File "/opt/airflow/dags/1_dags.py", line 8, in <module>
    from modules.covid_scraper import CovidScraper
ModuleNotFoundError: No module named 'modules.covid_scraper'
[2023-09-25 14:59:10,825] {processor.py:653} WARNING - No viable dags retrieved from /opt/airflow/dags/1_dags.py
[2023-09-25 14:59:10,846] {processor.py:161} INFO - Processing /opt/airflow/dags/1_dags.py took 0.077 seconds
[2023-09-25 16:26:14,318] {processor.py:153} INFO - Started process (PID=206) to work on /opt/airflow/dags/1_dags.py
[2023-09-25 16:26:14,320] {processor.py:641} INFO - Processing file /opt/airflow/dags/1_dags.py for tasks to queue
[2023-09-25 16:26:14,321] {logging_mixin.py:115} INFO - [2023-09-25 16:26:14,321] {dagbag.py:507} INFO - Filling up the DagBag from /opt/airflow/dags/1_dags.py
[2023-09-25 16:26:15,182] {logging_mixin.py:115} INFO - [2023-09-25 16:26:15,146] {dagbag.py:320} ERROR - Failed to import: /opt/airflow/dags/1_dags.py
Traceback (most recent call last):
  File "/home/airflow/.local/lib/python3.7/site-packages/airflow/models/dagbag.py", line 317, in parse
    loader.exec_module(new_module)
  File "<frozen importlib._bootstrap_external>", line 728, in exec_module
  File "<frozen importlib._bootstrap>", line 219, in _call_with_frames_removed
  File "/opt/airflow/dags/1_dags.py", line 9, in <module>
    from modules.transformer import transformer
  File "/opt/airflow/dags/modules/transformer.py", line 36, in <module>
    class Province_Daily(Base):
  File "/opt/airflow/dags/modules/transformer.py", line 39, in Province_Daily
    province_id = Column(String, ForeignKey('dim_province.province_id'))
NameError: name 'ForeignKey' is not defined
[2023-09-25 16:26:15,187] {processor.py:653} WARNING - No viable dags retrieved from /opt/airflow/dags/1_dags.py
[2023-09-25 16:26:15,216] {processor.py:161} INFO - Processing /opt/airflow/dags/1_dags.py took 0.900 seconds
[2023-09-25 16:26:45,511] {processor.py:153} INFO - Started process (PID=212) to work on /opt/airflow/dags/1_dags.py
[2023-09-25 16:26:45,613] {processor.py:641} INFO - Processing file /opt/airflow/dags/1_dags.py for tasks to queue
[2023-09-25 16:26:45,620] {logging_mixin.py:115} INFO - [2023-09-25 16:26:45,619] {dagbag.py:507} INFO - Filling up the DagBag from /opt/airflow/dags/1_dags.py
[2023-09-25 16:26:48,429] {logging_mixin.py:115} INFO - [2023-09-25 16:26:48,319] {dagbag.py:320} ERROR - Failed to import: /opt/airflow/dags/1_dags.py
Traceback (most recent call last):
  File "/home/airflow/.local/lib/python3.7/site-packages/airflow/models/dagbag.py", line 317, in parse
    loader.exec_module(new_module)
  File "<frozen importlib._bootstrap_external>", line 728, in exec_module
  File "<frozen importlib._bootstrap>", line 219, in _call_with_frames_removed
  File "/opt/airflow/dags/1_dags.py", line 9, in <module>
    from modules.transformer import transformer
  File "/opt/airflow/dags/modules/transformer.py", line 36, in <module>
    class Province_Daily(Base):
  File "/opt/airflow/dags/modules/transformer.py", line 39, in Province_Daily
    province_id = Column(String, ForeignKey('dim_province.province_id'))
NameError: name 'ForeignKey' is not defined
[2023-09-25 16:26:48,433] {processor.py:653} WARNING - No viable dags retrieved from /opt/airflow/dags/1_dags.py
[2023-09-25 16:26:48,481] {processor.py:161} INFO - Processing /opt/airflow/dags/1_dags.py took 2.997 seconds
[2023-09-25 16:27:14,567] {processor.py:153} INFO - Started process (PID=218) to work on /opt/airflow/dags/1_dags.py
[2023-09-25 16:27:14,568] {processor.py:641} INFO - Processing file /opt/airflow/dags/1_dags.py for tasks to queue
[2023-09-25 16:27:14,569] {logging_mixin.py:115} INFO - [2023-09-25 16:27:14,568] {dagbag.py:507} INFO - Filling up the DagBag from /opt/airflow/dags/1_dags.py
[2023-09-25 16:27:15,566] {processor.py:651} INFO - DAG(s) dict_keys(['1_dags']) retrieved from /opt/airflow/dags/1_dags.py
[2023-09-25 16:27:15,676] {logging_mixin.py:115} INFO - [2023-09-25 16:27:15,676] {manager.py:508} INFO - Created Permission View: can edit on DAG:1_dags
[2023-09-25 16:27:15,688] {logging_mixin.py:115} INFO - [2023-09-25 16:27:15,688] {manager.py:508} INFO - Created Permission View: can read on DAG:1_dags
[2023-09-25 16:27:15,695] {logging_mixin.py:115} INFO - [2023-09-25 16:27:15,695] {manager.py:508} INFO - Created Permission View: can delete on DAG:1_dags
[2023-09-25 16:27:15,696] {logging_mixin.py:115} INFO - [2023-09-25 16:27:15,696] {dag.py:2371} INFO - Sync 1 DAGs
[2023-09-25 16:27:15,708] {logging_mixin.py:115} INFO - [2023-09-25 16:27:15,707] {dag.py:2390} INFO - Creating ORM DAG for 1_dags
[2023-09-25 16:27:15,727] {logging_mixin.py:115} INFO - [2023-09-25 16:27:15,726] {dag.py:2919} INFO - Setting next_dagrun for 1_dags to 2023-09-24T00:00:00+00:00, run_after=2023-09-25T00:00:00+00:00
[2023-09-25 16:27:15,751] {processor.py:161} INFO - Processing /opt/airflow/dags/1_dags.py took 1.189 seconds
[2023-09-25 16:27:45,885] {processor.py:153} INFO - Started process (PID=224) to work on /opt/airflow/dags/1_dags.py
[2023-09-25 16:27:45,886] {processor.py:641} INFO - Processing file /opt/airflow/dags/1_dags.py for tasks to queue
[2023-09-25 16:27:45,887] {logging_mixin.py:115} INFO - [2023-09-25 16:27:45,887] {dagbag.py:507} INFO - Filling up the DagBag from /opt/airflow/dags/1_dags.py
[2023-09-25 16:27:46,238] {processor.py:651} INFO - DAG(s) dict_keys(['1_dags']) retrieved from /opt/airflow/dags/1_dags.py
[2023-09-25 16:27:46,260] {logging_mixin.py:115} INFO - [2023-09-25 16:27:46,260] {dag.py:2371} INFO - Sync 1 DAGs
[2023-09-25 16:27:46,277] {logging_mixin.py:115} INFO - [2023-09-25 16:27:46,277] {dag.py:2919} INFO - Setting next_dagrun for 1_dags to 2023-09-24T00:00:00+00:00, run_after=2023-09-25T00:00:00+00:00
[2023-09-25 16:27:46,289] {processor.py:161} INFO - Processing /opt/airflow/dags/1_dags.py took 0.409 seconds
[2023-09-25 16:28:16,479] {processor.py:153} INFO - Started process (PID=230) to work on /opt/airflow/dags/1_dags.py
[2023-09-25 16:28:16,479] {processor.py:641} INFO - Processing file /opt/airflow/dags/1_dags.py for tasks to queue
[2023-09-25 16:28:16,480] {logging_mixin.py:115} INFO - [2023-09-25 16:28:16,480] {dagbag.py:507} INFO - Filling up the DagBag from /opt/airflow/dags/1_dags.py
[2023-09-25 16:28:17,502] {processor.py:651} INFO - DAG(s) dict_keys(['1_dags']) retrieved from /opt/airflow/dags/1_dags.py
[2023-09-25 16:28:17,547] {logging_mixin.py:115} INFO - [2023-09-25 16:28:17,545] {dag.py:2371} INFO - Sync 1 DAGs
[2023-09-25 16:28:17,584] {logging_mixin.py:115} INFO - [2023-09-25 16:28:17,584] {dag.py:2919} INFO - Setting next_dagrun for 1_dags to 2023-09-24T00:00:00+00:00, run_after=2023-09-25T00:00:00+00:00
[2023-09-25 16:28:17,597] {processor.py:161} INFO - Processing /opt/airflow/dags/1_dags.py took 1.121 seconds
[2023-09-25 16:28:47,725] {processor.py:153} INFO - Started process (PID=236) to work on /opt/airflow/dags/1_dags.py
[2023-09-25 16:28:47,726] {processor.py:641} INFO - Processing file /opt/airflow/dags/1_dags.py for tasks to queue
[2023-09-25 16:28:47,727] {logging_mixin.py:115} INFO - [2023-09-25 16:28:47,727] {dagbag.py:507} INFO - Filling up the DagBag from /opt/airflow/dags/1_dags.py
[2023-09-25 16:28:48,232] {processor.py:651} INFO - DAG(s) dict_keys(['1_dags']) retrieved from /opt/airflow/dags/1_dags.py
[2023-09-25 16:28:48,271] {logging_mixin.py:115} INFO - [2023-09-25 16:28:48,270] {dag.py:2371} INFO - Sync 1 DAGs
[2023-09-25 16:28:48,306] {logging_mixin.py:115} INFO - [2023-09-25 16:28:48,306] {dag.py:2919} INFO - Setting next_dagrun for 1_dags to 2023-09-24T00:00:00+00:00, run_after=2023-09-25T00:00:00+00:00
[2023-09-25 16:28:48,324] {processor.py:161} INFO - Processing /opt/airflow/dags/1_dags.py took 0.601 seconds
[2023-09-25 16:29:18,486] {processor.py:153} INFO - Started process (PID=248) to work on /opt/airflow/dags/1_dags.py
[2023-09-25 16:29:18,578] {processor.py:641} INFO - Processing file /opt/airflow/dags/1_dags.py for tasks to queue
[2023-09-25 16:29:18,580] {logging_mixin.py:115} INFO - [2023-09-25 16:29:18,580] {dagbag.py:507} INFO - Filling up the DagBag from /opt/airflow/dags/1_dags.py
[2023-09-25 16:29:19,448] {processor.py:651} INFO - DAG(s) dict_keys(['1_dags']) retrieved from /opt/airflow/dags/1_dags.py
[2023-09-25 16:29:19,465] {logging_mixin.py:115} INFO - [2023-09-25 16:29:19,465] {dag.py:2371} INFO - Sync 1 DAGs
[2023-09-25 16:29:19,489] {logging_mixin.py:115} INFO - [2023-09-25 16:29:19,489] {dag.py:2919} INFO - Setting next_dagrun for 1_dags to 2023-09-25T00:00:00+00:00, run_after=2023-09-26T00:00:00+00:00
[2023-09-25 16:29:19,501] {processor.py:161} INFO - Processing /opt/airflow/dags/1_dags.py took 1.019 seconds
[2023-09-25 16:29:30,532] {processor.py:153} INFO - Started process (PID=254) to work on /opt/airflow/dags/1_dags.py
[2023-09-25 16:29:30,533] {processor.py:641} INFO - Processing file /opt/airflow/dags/1_dags.py for tasks to queue
[2023-09-25 16:29:30,533] {logging_mixin.py:115} INFO - [2023-09-25 16:29:30,533] {dagbag.py:507} INFO - Filling up the DagBag from /opt/airflow/dags/1_dags.py
[2023-09-25 16:29:30,991] {processor.py:651} INFO - DAG(s) dict_keys(['1_dags']) retrieved from /opt/airflow/dags/1_dags.py
[2023-09-25 16:29:31,028] {logging_mixin.py:115} INFO - [2023-09-25 16:29:31,028] {dag.py:2371} INFO - Sync 1 DAGs
[2023-09-25 16:29:31,065] {logging_mixin.py:115} INFO - [2023-09-25 16:29:31,064] {dag.py:2919} INFO - Setting next_dagrun for 1_dags to 2023-09-25T00:00:00+00:00, run_after=2023-09-26T00:00:00+00:00
[2023-09-25 16:29:31,090] {processor.py:161} INFO - Processing /opt/airflow/dags/1_dags.py took 0.561 seconds
[2023-09-25 16:30:01,239] {processor.py:153} INFO - Started process (PID=263) to work on /opt/airflow/dags/1_dags.py
[2023-09-25 16:30:01,240] {processor.py:641} INFO - Processing file /opt/airflow/dags/1_dags.py for tasks to queue
[2023-09-25 16:30:01,240] {logging_mixin.py:115} INFO - [2023-09-25 16:30:01,240] {dagbag.py:507} INFO - Filling up the DagBag from /opt/airflow/dags/1_dags.py
[2023-09-25 16:30:01,670] {processor.py:651} INFO - DAG(s) dict_keys(['1_dags']) retrieved from /opt/airflow/dags/1_dags.py
[2023-09-25 16:30:01,689] {logging_mixin.py:115} INFO - [2023-09-25 16:30:01,689] {dag.py:2371} INFO - Sync 1 DAGs
[2023-09-25 16:30:01,713] {logging_mixin.py:115} INFO - [2023-09-25 16:30:01,712] {dag.py:2919} INFO - Setting next_dagrun for 1_dags to 2023-09-25T00:00:00+00:00, run_after=2023-09-26T00:00:00+00:00
[2023-09-25 16:30:01,728] {processor.py:161} INFO - Processing /opt/airflow/dags/1_dags.py took 0.492 seconds
[2023-09-25 16:30:31,820] {processor.py:153} INFO - Started process (PID=272) to work on /opt/airflow/dags/1_dags.py
[2023-09-25 16:30:31,821] {processor.py:641} INFO - Processing file /opt/airflow/dags/1_dags.py for tasks to queue
[2023-09-25 16:30:31,822] {logging_mixin.py:115} INFO - [2023-09-25 16:30:31,822] {dagbag.py:507} INFO - Filling up the DagBag from /opt/airflow/dags/1_dags.py
[2023-09-25 16:30:32,161] {processor.py:651} INFO - DAG(s) dict_keys(['1_dags']) retrieved from /opt/airflow/dags/1_dags.py
[2023-09-25 16:30:32,176] {logging_mixin.py:115} INFO - [2023-09-25 16:30:32,176] {dag.py:2371} INFO - Sync 1 DAGs
[2023-09-25 16:30:32,194] {logging_mixin.py:115} INFO - [2023-09-25 16:30:32,194] {dag.py:2919} INFO - Setting next_dagrun for 1_dags to 2023-09-25T00:00:00+00:00, run_after=2023-09-26T00:00:00+00:00
[2023-09-25 16:30:32,217] {processor.py:161} INFO - Processing /opt/airflow/dags/1_dags.py took 0.399 seconds
[2023-09-25 16:30:40,878] {processor.py:153} INFO - Started process (PID=278) to work on /opt/airflow/dags/1_dags.py
[2023-09-25 16:30:40,879] {processor.py:641} INFO - Processing file /opt/airflow/dags/1_dags.py for tasks to queue
[2023-09-25 16:30:40,880] {logging_mixin.py:115} INFO - [2023-09-25 16:30:40,880] {dagbag.py:507} INFO - Filling up the DagBag from /opt/airflow/dags/1_dags.py
[2023-09-25 16:30:41,235] {processor.py:651} INFO - DAG(s) dict_keys(['1_dags']) retrieved from /opt/airflow/dags/1_dags.py
[2023-09-25 16:30:41,252] {logging_mixin.py:115} INFO - [2023-09-25 16:30:41,252] {dag.py:2371} INFO - Sync 1 DAGs
[2023-09-25 16:30:41,269] {logging_mixin.py:115} INFO - [2023-09-25 16:30:41,269] {dag.py:2919} INFO - Setting next_dagrun for 1_dags to 2023-09-25T00:00:00+00:00, run_after=2023-09-26T00:00:00+00:00
[2023-09-25 16:30:41,290] {processor.py:161} INFO - Processing /opt/airflow/dags/1_dags.py took 0.414 seconds
[2023-09-25 16:31:11,397] {processor.py:153} INFO - Started process (PID=287) to work on /opt/airflow/dags/1_dags.py
[2023-09-25 16:31:11,398] {processor.py:641} INFO - Processing file /opt/airflow/dags/1_dags.py for tasks to queue
[2023-09-25 16:31:11,399] {logging_mixin.py:115} INFO - [2023-09-25 16:31:11,399] {dagbag.py:507} INFO - Filling up the DagBag from /opt/airflow/dags/1_dags.py
[2023-09-25 16:31:11,765] {processor.py:651} INFO - DAG(s) dict_keys(['1_dags']) retrieved from /opt/airflow/dags/1_dags.py
[2023-09-25 16:31:11,781] {logging_mixin.py:115} INFO - [2023-09-25 16:31:11,781] {dag.py:2371} INFO - Sync 1 DAGs
[2023-09-25 16:31:11,799] {logging_mixin.py:115} INFO - [2023-09-25 16:31:11,799] {dag.py:2919} INFO - Setting next_dagrun for 1_dags to 2023-09-25T00:00:00+00:00, run_after=2023-09-26T00:00:00+00:00
[2023-09-25 16:31:11,811] {processor.py:161} INFO - Processing /opt/airflow/dags/1_dags.py took 0.418 seconds
[2023-09-25 16:31:41,949] {processor.py:153} INFO - Started process (PID=293) to work on /opt/airflow/dags/1_dags.py
[2023-09-25 16:31:41,950] {processor.py:641} INFO - Processing file /opt/airflow/dags/1_dags.py for tasks to queue
[2023-09-25 16:31:41,951] {logging_mixin.py:115} INFO - [2023-09-25 16:31:41,951] {dagbag.py:507} INFO - Filling up the DagBag from /opt/airflow/dags/1_dags.py
[2023-09-25 16:31:42,340] {processor.py:651} INFO - DAG(s) dict_keys(['1_dags']) retrieved from /opt/airflow/dags/1_dags.py
[2023-09-25 16:31:42,355] {logging_mixin.py:115} INFO - [2023-09-25 16:31:42,355] {dag.py:2371} INFO - Sync 1 DAGs
[2023-09-25 16:31:42,373] {logging_mixin.py:115} INFO - [2023-09-25 16:31:42,373] {dag.py:2919} INFO - Setting next_dagrun for 1_dags to 2023-09-25T00:00:00+00:00, run_after=2023-09-26T00:00:00+00:00
[2023-09-25 16:31:42,388] {processor.py:161} INFO - Processing /opt/airflow/dags/1_dags.py took 0.442 seconds
[2023-09-25 16:32:12,537] {processor.py:153} INFO - Started process (PID=299) to work on /opt/airflow/dags/1_dags.py
[2023-09-25 16:32:12,539] {processor.py:641} INFO - Processing file /opt/airflow/dags/1_dags.py for tasks to queue
[2023-09-25 16:32:12,540] {logging_mixin.py:115} INFO - [2023-09-25 16:32:12,540] {dagbag.py:507} INFO - Filling up the DagBag from /opt/airflow/dags/1_dags.py
[2023-09-25 16:32:13,047] {processor.py:651} INFO - DAG(s) dict_keys(['1_dags']) retrieved from /opt/airflow/dags/1_dags.py
[2023-09-25 16:32:13,062] {logging_mixin.py:115} INFO - [2023-09-25 16:32:13,062] {dag.py:2371} INFO - Sync 1 DAGs
[2023-09-25 16:32:13,087] {logging_mixin.py:115} INFO - [2023-09-25 16:32:13,086] {dag.py:2919} INFO - Setting next_dagrun for 1_dags to 2023-09-25T00:00:00+00:00, run_after=2023-09-26T00:00:00+00:00
[2023-09-25 16:32:13,106] {processor.py:161} INFO - Processing /opt/airflow/dags/1_dags.py took 0.579 seconds
[2023-09-25 16:32:43,330] {processor.py:153} INFO - Started process (PID=305) to work on /opt/airflow/dags/1_dags.py
[2023-09-25 16:32:43,331] {processor.py:641} INFO - Processing file /opt/airflow/dags/1_dags.py for tasks to queue
[2023-09-25 16:32:43,332] {logging_mixin.py:115} INFO - [2023-09-25 16:32:43,332] {dagbag.py:507} INFO - Filling up the DagBag from /opt/airflow/dags/1_dags.py
[2023-09-25 16:32:44,077] {processor.py:651} INFO - DAG(s) dict_keys(['1_dags']) retrieved from /opt/airflow/dags/1_dags.py
[2023-09-25 16:32:44,115] {logging_mixin.py:115} INFO - [2023-09-25 16:32:44,113] {dag.py:2371} INFO - Sync 1 DAGs
[2023-09-25 16:32:44,140] {logging_mixin.py:115} INFO - [2023-09-25 16:32:44,140] {dag.py:2919} INFO - Setting next_dagrun for 1_dags to 2023-09-25T00:00:00+00:00, run_after=2023-09-26T00:00:00+00:00
[2023-09-25 16:32:44,177] {processor.py:161} INFO - Processing /opt/airflow/dags/1_dags.py took 0.849 seconds
[2023-09-25 16:33:14,427] {processor.py:153} INFO - Started process (PID=311) to work on /opt/airflow/dags/1_dags.py
[2023-09-25 16:33:14,429] {processor.py:641} INFO - Processing file /opt/airflow/dags/1_dags.py for tasks to queue
[2023-09-25 16:33:14,430] {logging_mixin.py:115} INFO - [2023-09-25 16:33:14,430] {dagbag.py:507} INFO - Filling up the DagBag from /opt/airflow/dags/1_dags.py
[2023-09-25 16:33:15,217] {processor.py:651} INFO - DAG(s) dict_keys(['1_dags']) retrieved from /opt/airflow/dags/1_dags.py
[2023-09-25 16:33:15,289] {logging_mixin.py:115} INFO - [2023-09-25 16:33:15,289] {dag.py:2371} INFO - Sync 1 DAGs
[2023-09-25 16:33:15,333] {logging_mixin.py:115} INFO - [2023-09-25 16:33:15,333] {dag.py:2919} INFO - Setting next_dagrun for 1_dags to 2023-09-25T00:00:00+00:00, run_after=2023-09-26T00:00:00+00:00
[2023-09-25 16:33:15,363] {processor.py:161} INFO - Processing /opt/airflow/dags/1_dags.py took 0.948 seconds
[2023-09-25 16:33:45,675] {processor.py:153} INFO - Started process (PID=317) to work on /opt/airflow/dags/1_dags.py
[2023-09-25 16:33:45,677] {processor.py:641} INFO - Processing file /opt/airflow/dags/1_dags.py for tasks to queue
[2023-09-25 16:33:45,679] {logging_mixin.py:115} INFO - [2023-09-25 16:33:45,678] {dagbag.py:507} INFO - Filling up the DagBag from /opt/airflow/dags/1_dags.py
[2023-09-25 16:33:46,513] {processor.py:651} INFO - DAG(s) dict_keys(['1_dags']) retrieved from /opt/airflow/dags/1_dags.py
[2023-09-25 16:33:46,592] {logging_mixin.py:115} INFO - [2023-09-25 16:33:46,591] {dag.py:2371} INFO - Sync 1 DAGs
[2023-09-25 16:33:46,678] {logging_mixin.py:115} INFO - [2023-09-25 16:33:46,678] {dag.py:2919} INFO - Setting next_dagrun for 1_dags to 2023-09-25T00:00:00+00:00, run_after=2023-09-26T00:00:00+00:00
[2023-09-25 16:33:46,705] {processor.py:161} INFO - Processing /opt/airflow/dags/1_dags.py took 1.044 seconds
[2023-09-25 16:34:17,016] {processor.py:153} INFO - Started process (PID=323) to work on /opt/airflow/dags/1_dags.py
[2023-09-25 16:34:17,016] {processor.py:641} INFO - Processing file /opt/airflow/dags/1_dags.py for tasks to queue
[2023-09-25 16:34:17,017] {logging_mixin.py:115} INFO - [2023-09-25 16:34:17,017] {dagbag.py:507} INFO - Filling up the DagBag from /opt/airflow/dags/1_dags.py
[2023-09-25 16:34:17,684] {processor.py:651} INFO - DAG(s) dict_keys(['1_dags']) retrieved from /opt/airflow/dags/1_dags.py
[2023-09-25 16:34:17,709] {logging_mixin.py:115} INFO - [2023-09-25 16:34:17,708] {dag.py:2371} INFO - Sync 1 DAGs
[2023-09-25 16:34:17,747] {logging_mixin.py:115} INFO - [2023-09-25 16:34:17,745] {dag.py:2919} INFO - Setting next_dagrun for 1_dags to 2023-09-25T00:00:00+00:00, run_after=2023-09-26T00:00:00+00:00
[2023-09-25 16:34:17,798] {processor.py:161} INFO - Processing /opt/airflow/dags/1_dags.py took 0.785 seconds
[2023-09-25 16:34:48,095] {processor.py:153} INFO - Started process (PID=329) to work on /opt/airflow/dags/1_dags.py
[2023-09-25 16:34:48,100] {processor.py:641} INFO - Processing file /opt/airflow/dags/1_dags.py for tasks to queue
[2023-09-25 16:34:48,102] {logging_mixin.py:115} INFO - [2023-09-25 16:34:48,102] {dagbag.py:507} INFO - Filling up the DagBag from /opt/airflow/dags/1_dags.py
[2023-09-25 16:34:48,965] {processor.py:651} INFO - DAG(s) dict_keys(['1_dags']) retrieved from /opt/airflow/dags/1_dags.py
[2023-09-25 16:34:49,019] {logging_mixin.py:115} INFO - [2023-09-25 16:34:49,017] {dag.py:2371} INFO - Sync 1 DAGs
[2023-09-25 16:34:49,090] {logging_mixin.py:115} INFO - [2023-09-25 16:34:49,090] {dag.py:2919} INFO - Setting next_dagrun for 1_dags to 2023-09-25T00:00:00+00:00, run_after=2023-09-26T00:00:00+00:00
[2023-09-25 16:34:49,127] {processor.py:161} INFO - Processing /opt/airflow/dags/1_dags.py took 1.037 seconds
[2023-09-25 16:35:19,373] {processor.py:153} INFO - Started process (PID=335) to work on /opt/airflow/dags/1_dags.py
[2023-09-25 16:35:19,374] {processor.py:641} INFO - Processing file /opt/airflow/dags/1_dags.py for tasks to queue
[2023-09-25 16:35:19,375] {logging_mixin.py:115} INFO - [2023-09-25 16:35:19,375] {dagbag.py:507} INFO - Filling up the DagBag from /opt/airflow/dags/1_dags.py
[2023-09-25 16:35:20,842] {processor.py:651} INFO - DAG(s) dict_keys(['1_dags']) retrieved from /opt/airflow/dags/1_dags.py
[2023-09-25 16:35:20,937] {logging_mixin.py:115} INFO - [2023-09-25 16:35:20,935] {dag.py:2371} INFO - Sync 1 DAGs
[2023-09-25 16:35:20,978] {logging_mixin.py:115} INFO - [2023-09-25 16:35:20,978] {dag.py:2919} INFO - Setting next_dagrun for 1_dags to 2023-09-25T00:00:00+00:00, run_after=2023-09-26T00:00:00+00:00
[2023-09-25 16:35:21,005] {processor.py:161} INFO - Processing /opt/airflow/dags/1_dags.py took 1.636 seconds
[2023-09-25 16:35:51,318] {processor.py:153} INFO - Started process (PID=344) to work on /opt/airflow/dags/1_dags.py
[2023-09-25 16:35:51,320] {processor.py:641} INFO - Processing file /opt/airflow/dags/1_dags.py for tasks to queue
[2023-09-25 16:35:51,324] {logging_mixin.py:115} INFO - [2023-09-25 16:35:51,324] {dagbag.py:507} INFO - Filling up the DagBag from /opt/airflow/dags/1_dags.py
[2023-09-25 16:35:52,066] {processor.py:651} INFO - DAG(s) dict_keys(['1_dags']) retrieved from /opt/airflow/dags/1_dags.py
[2023-09-25 16:35:52,116] {logging_mixin.py:115} INFO - [2023-09-25 16:35:52,115] {dag.py:2371} INFO - Sync 1 DAGs
[2023-09-25 16:35:52,169] {logging_mixin.py:115} INFO - [2023-09-25 16:35:52,169] {dag.py:2919} INFO - Setting next_dagrun for 1_dags to 2023-09-25T00:00:00+00:00, run_after=2023-09-26T00:00:00+00:00
[2023-09-25 16:35:52,202] {processor.py:161} INFO - Processing /opt/airflow/dags/1_dags.py took 0.894 seconds
[2023-09-25 16:36:22,504] {processor.py:153} INFO - Started process (PID=350) to work on /opt/airflow/dags/1_dags.py
[2023-09-25 16:36:22,505] {processor.py:641} INFO - Processing file /opt/airflow/dags/1_dags.py for tasks to queue
[2023-09-25 16:36:22,507] {logging_mixin.py:115} INFO - [2023-09-25 16:36:22,507] {dagbag.py:507} INFO - Filling up the DagBag from /opt/airflow/dags/1_dags.py
[2023-09-25 16:36:23,373] {processor.py:651} INFO - DAG(s) dict_keys(['1_dags']) retrieved from /opt/airflow/dags/1_dags.py
[2023-09-25 16:36:23,410] {logging_mixin.py:115} INFO - [2023-09-25 16:36:23,410] {dag.py:2371} INFO - Sync 1 DAGs
[2023-09-25 16:36:23,453] {logging_mixin.py:115} INFO - [2023-09-25 16:36:23,453] {dag.py:2919} INFO - Setting next_dagrun for 1_dags to 2023-09-25T00:00:00+00:00, run_after=2023-09-26T00:00:00+00:00
[2023-09-25 16:36:23,490] {processor.py:161} INFO - Processing /opt/airflow/dags/1_dags.py took 0.998 seconds
[2023-09-25 16:36:53,734] {processor.py:153} INFO - Started process (PID=356) to work on /opt/airflow/dags/1_dags.py
[2023-09-25 16:36:53,735] {processor.py:641} INFO - Processing file /opt/airflow/dags/1_dags.py for tasks to queue
[2023-09-25 16:36:53,736] {logging_mixin.py:115} INFO - [2023-09-25 16:36:53,736] {dagbag.py:507} INFO - Filling up the DagBag from /opt/airflow/dags/1_dags.py
[2023-09-25 16:36:54,406] {processor.py:651} INFO - DAG(s) dict_keys(['1_dags']) retrieved from /opt/airflow/dags/1_dags.py
[2023-09-25 16:36:54,444] {logging_mixin.py:115} INFO - [2023-09-25 16:36:54,444] {dag.py:2371} INFO - Sync 1 DAGs
[2023-09-25 16:36:54,492] {logging_mixin.py:115} INFO - [2023-09-25 16:36:54,492] {dag.py:2919} INFO - Setting next_dagrun for 1_dags to 2023-09-25T00:00:00+00:00, run_after=2023-09-26T00:00:00+00:00
[2023-09-25 16:36:54,531] {processor.py:161} INFO - Processing /opt/airflow/dags/1_dags.py took 0.801 seconds
[2023-09-25 16:37:24,897] {processor.py:153} INFO - Started process (PID=362) to work on /opt/airflow/dags/1_dags.py
[2023-09-25 16:37:24,898] {processor.py:641} INFO - Processing file /opt/airflow/dags/1_dags.py for tasks to queue
[2023-09-25 16:37:24,900] {logging_mixin.py:115} INFO - [2023-09-25 16:37:24,899] {dagbag.py:507} INFO - Filling up the DagBag from /opt/airflow/dags/1_dags.py
[2023-09-25 16:37:25,609] {processor.py:651} INFO - DAG(s) dict_keys(['1_dags']) retrieved from /opt/airflow/dags/1_dags.py
[2023-09-25 16:37:25,638] {logging_mixin.py:115} INFO - [2023-09-25 16:37:25,637] {dag.py:2371} INFO - Sync 1 DAGs
[2023-09-25 16:37:25,683] {logging_mixin.py:115} INFO - [2023-09-25 16:37:25,683] {dag.py:2919} INFO - Setting next_dagrun for 1_dags to 2023-09-25T00:00:00+00:00, run_after=2023-09-26T00:00:00+00:00
[2023-09-25 16:37:25,715] {processor.py:161} INFO - Processing /opt/airflow/dags/1_dags.py took 0.828 seconds
[2023-09-25 16:37:56,054] {processor.py:153} INFO - Started process (PID=368) to work on /opt/airflow/dags/1_dags.py
[2023-09-25 16:37:56,055] {processor.py:641} INFO - Processing file /opt/airflow/dags/1_dags.py for tasks to queue
[2023-09-25 16:37:56,057] {logging_mixin.py:115} INFO - [2023-09-25 16:37:56,057] {dagbag.py:507} INFO - Filling up the DagBag from /opt/airflow/dags/1_dags.py
[2023-09-25 16:37:58,195] {processor.py:651} INFO - DAG(s) dict_keys(['1_dags']) retrieved from /opt/airflow/dags/1_dags.py
[2023-09-25 16:37:58,386] {logging_mixin.py:115} INFO - [2023-09-25 16:37:58,380] {dag.py:2371} INFO - Sync 1 DAGs
[2023-09-25 16:37:58,487] {logging_mixin.py:115} INFO - [2023-09-25 16:37:58,487] {dag.py:2919} INFO - Setting next_dagrun for 1_dags to 2023-09-25T00:00:00+00:00, run_after=2023-09-26T00:00:00+00:00
[2023-09-25 16:37:58,541] {processor.py:161} INFO - Processing /opt/airflow/dags/1_dags.py took 2.489 seconds
[2023-09-25 16:38:29,221] {processor.py:153} INFO - Started process (PID=374) to work on /opt/airflow/dags/1_dags.py
[2023-09-25 16:38:29,223] {processor.py:641} INFO - Processing file /opt/airflow/dags/1_dags.py for tasks to queue
[2023-09-25 16:38:29,235] {logging_mixin.py:115} INFO - [2023-09-25 16:38:29,234] {dagbag.py:507} INFO - Filling up the DagBag from /opt/airflow/dags/1_dags.py
[2023-09-25 16:38:35,480] {processor.py:651} INFO - DAG(s) dict_keys(['1_dags']) retrieved from /opt/airflow/dags/1_dags.py
[2023-09-25 16:38:35,580] {logging_mixin.py:115} INFO - [2023-09-25 16:38:35,574] {dag.py:2371} INFO - Sync 1 DAGs
[2023-09-25 16:38:35,663] {logging_mixin.py:115} INFO - [2023-09-25 16:38:35,662] {dag.py:2919} INFO - Setting next_dagrun for 1_dags to 2023-09-25T00:00:00+00:00, run_after=2023-09-26T00:00:00+00:00
[2023-09-25 16:38:35,696] {processor.py:161} INFO - Processing /opt/airflow/dags/1_dags.py took 6.538 seconds
[2023-09-25 16:39:05,933] {processor.py:153} INFO - Started process (PID=380) to work on /opt/airflow/dags/1_dags.py
[2023-09-25 16:39:06,032] {processor.py:641} INFO - Processing file /opt/airflow/dags/1_dags.py for tasks to queue
[2023-09-25 16:39:06,035] {logging_mixin.py:115} INFO - [2023-09-25 16:39:06,035] {dagbag.py:507} INFO - Filling up the DagBag from /opt/airflow/dags/1_dags.py
[2023-09-25 16:39:08,385] {processor.py:651} INFO - DAG(s) dict_keys(['1_dags']) retrieved from /opt/airflow/dags/1_dags.py
[2023-09-25 16:39:08,498] {logging_mixin.py:115} INFO - [2023-09-25 16:39:08,497] {dag.py:2371} INFO - Sync 1 DAGs
[2023-09-25 16:39:08,564] {logging_mixin.py:115} INFO - [2023-09-25 16:39:08,561] {dag.py:2919} INFO - Setting next_dagrun for 1_dags to 2023-09-25T00:00:00+00:00, run_after=2023-09-26T00:00:00+00:00
[2023-09-25 16:39:08,640] {processor.py:161} INFO - Processing /opt/airflow/dags/1_dags.py took 2.722 seconds
[2023-09-25 16:39:39,107] {processor.py:153} INFO - Started process (PID=388) to work on /opt/airflow/dags/1_dags.py
[2023-09-25 16:39:39,109] {processor.py:641} INFO - Processing file /opt/airflow/dags/1_dags.py for tasks to queue
[2023-09-25 16:39:39,111] {logging_mixin.py:115} INFO - [2023-09-25 16:39:39,111] {dagbag.py:507} INFO - Filling up the DagBag from /opt/airflow/dags/1_dags.py
[2023-09-25 16:39:42,614] {processor.py:651} INFO - DAG(s) dict_keys(['1_dags']) retrieved from /opt/airflow/dags/1_dags.py
[2023-09-25 16:39:42,707] {logging_mixin.py:115} INFO - [2023-09-25 16:39:42,703] {dag.py:2371} INFO - Sync 1 DAGs
[2023-09-25 16:39:42,823] {logging_mixin.py:115} INFO - [2023-09-25 16:39:42,823] {dag.py:2919} INFO - Setting next_dagrun for 1_dags to 2023-09-25T00:00:00+00:00, run_after=2023-09-26T00:00:00+00:00
[2023-09-25 16:39:42,859] {processor.py:161} INFO - Processing /opt/airflow/dags/1_dags.py took 3.764 seconds
[2023-09-25 16:40:13,262] {processor.py:153} INFO - Started process (PID=395) to work on /opt/airflow/dags/1_dags.py
[2023-09-25 16:40:13,281] {processor.py:641} INFO - Processing file /opt/airflow/dags/1_dags.py for tasks to queue
[2023-09-25 16:40:13,283] {logging_mixin.py:115} INFO - [2023-09-25 16:40:13,283] {dagbag.py:507} INFO - Filling up the DagBag from /opt/airflow/dags/1_dags.py
[2023-09-25 16:40:15,365] {processor.py:651} INFO - DAG(s) dict_keys(['1_dags']) retrieved from /opt/airflow/dags/1_dags.py
[2023-09-25 16:40:15,493] {logging_mixin.py:115} INFO - [2023-09-25 16:40:15,491] {dag.py:2371} INFO - Sync 1 DAGs
[2023-09-25 16:40:15,636] {logging_mixin.py:115} INFO - [2023-09-25 16:40:15,636] {dag.py:2919} INFO - Setting next_dagrun for 1_dags to 2023-09-25T00:00:00+00:00, run_after=2023-09-26T00:00:00+00:00
[2023-09-25 16:40:15,692] {processor.py:161} INFO - Processing /opt/airflow/dags/1_dags.py took 2.440 seconds
[2023-09-25 16:40:46,117] {processor.py:153} INFO - Started process (PID=401) to work on /opt/airflow/dags/1_dags.py
[2023-09-25 16:40:46,139] {processor.py:641} INFO - Processing file /opt/airflow/dags/1_dags.py for tasks to queue
[2023-09-25 16:40:46,145] {logging_mixin.py:115} INFO - [2023-09-25 16:40:46,144] {dagbag.py:507} INFO - Filling up the DagBag from /opt/airflow/dags/1_dags.py
[2023-09-25 16:40:48,320] {processor.py:651} INFO - DAG(s) dict_keys(['1_dags']) retrieved from /opt/airflow/dags/1_dags.py
[2023-09-25 16:40:48,430] {logging_mixin.py:115} INFO - [2023-09-25 16:40:48,429] {dag.py:2371} INFO - Sync 1 DAGs
[2023-09-25 16:40:48,514] {logging_mixin.py:115} INFO - [2023-09-25 16:40:48,513] {dag.py:2919} INFO - Setting next_dagrun for 1_dags to 2023-09-25T00:00:00+00:00, run_after=2023-09-26T00:00:00+00:00
[2023-09-25 16:40:48,573] {processor.py:161} INFO - Processing /opt/airflow/dags/1_dags.py took 2.464 seconds
[2023-09-25 16:41:18,840] {processor.py:153} INFO - Started process (PID=407) to work on /opt/airflow/dags/1_dags.py
[2023-09-25 16:41:18,843] {processor.py:641} INFO - Processing file /opt/airflow/dags/1_dags.py for tasks to queue
[2023-09-25 16:41:18,845] {logging_mixin.py:115} INFO - [2023-09-25 16:41:18,845] {dagbag.py:507} INFO - Filling up the DagBag from /opt/airflow/dags/1_dags.py
[2023-09-25 16:41:28,925] {processor.py:651} INFO - DAG(s) dict_keys(['1_dags']) retrieved from /opt/airflow/dags/1_dags.py
[2023-09-25 16:41:29,104] {logging_mixin.py:115} INFO - [2023-09-25 16:41:29,102] {dag.py:2371} INFO - Sync 1 DAGs
[2023-09-25 16:41:29,173] {logging_mixin.py:115} INFO - [2023-09-25 16:41:29,173] {dag.py:2919} INFO - Setting next_dagrun for 1_dags to 2023-09-25T00:00:00+00:00, run_after=2023-09-26T00:00:00+00:00
[2023-09-25 16:41:29,205] {processor.py:161} INFO - Processing /opt/airflow/dags/1_dags.py took 10.382 seconds
[2023-09-25 16:41:59,540] {processor.py:153} INFO - Started process (PID=413) to work on /opt/airflow/dags/1_dags.py
[2023-09-25 16:41:59,541] {processor.py:641} INFO - Processing file /opt/airflow/dags/1_dags.py for tasks to queue
[2023-09-25 16:41:59,542] {logging_mixin.py:115} INFO - [2023-09-25 16:41:59,542] {dagbag.py:507} INFO - Filling up the DagBag from /opt/airflow/dags/1_dags.py
[2023-09-25 16:42:02,447] {processor.py:651} INFO - DAG(s) dict_keys(['1_dags']) retrieved from /opt/airflow/dags/1_dags.py
[2023-09-25 16:42:02,565] {logging_mixin.py:115} INFO - [2023-09-25 16:42:02,562] {dag.py:2371} INFO - Sync 1 DAGs
[2023-09-25 16:42:02,719] {logging_mixin.py:115} INFO - [2023-09-25 16:42:02,718] {dag.py:2919} INFO - Setting next_dagrun for 1_dags to 2023-09-25T00:00:00+00:00, run_after=2023-09-26T00:00:00+00:00
[2023-09-25 16:42:02,781] {processor.py:161} INFO - Processing /opt/airflow/dags/1_dags.py took 3.334 seconds
[2023-09-25 16:42:33,448] {processor.py:153} INFO - Started process (PID=419) to work on /opt/airflow/dags/1_dags.py
[2023-09-25 16:42:33,449] {processor.py:641} INFO - Processing file /opt/airflow/dags/1_dags.py for tasks to queue
[2023-09-25 16:42:33,451] {logging_mixin.py:115} INFO - [2023-09-25 16:42:33,450] {dagbag.py:507} INFO - Filling up the DagBag from /opt/airflow/dags/1_dags.py
[2023-09-25 16:42:34,826] {processor.py:651} INFO - DAG(s) dict_keys(['1_dags']) retrieved from /opt/airflow/dags/1_dags.py
[2023-09-25 16:42:34,911] {logging_mixin.py:115} INFO - [2023-09-25 16:42:34,911] {dag.py:2371} INFO - Sync 1 DAGs
[2023-09-25 16:42:34,974] {logging_mixin.py:115} INFO - [2023-09-25 16:42:34,973] {dag.py:2919} INFO - Setting next_dagrun for 1_dags to 2023-09-25T00:00:00+00:00, run_after=2023-09-26T00:00:00+00:00
[2023-09-25 16:42:34,988] {processor.py:161} INFO - Processing /opt/airflow/dags/1_dags.py took 1.612 seconds
[2023-09-25 16:43:05,229] {processor.py:153} INFO - Started process (PID=428) to work on /opt/airflow/dags/1_dags.py
[2023-09-25 16:43:05,230] {processor.py:641} INFO - Processing file /opt/airflow/dags/1_dags.py for tasks to queue
[2023-09-25 16:43:05,231] {logging_mixin.py:115} INFO - [2023-09-25 16:43:05,231] {dagbag.py:507} INFO - Filling up the DagBag from /opt/airflow/dags/1_dags.py
[2023-09-25 16:43:05,664] {processor.py:651} INFO - DAG(s) dict_keys(['1_dags']) retrieved from /opt/airflow/dags/1_dags.py
[2023-09-25 16:43:05,681] {logging_mixin.py:115} INFO - [2023-09-25 16:43:05,681] {dag.py:2371} INFO - Sync 1 DAGs
[2023-09-25 16:43:05,704] {logging_mixin.py:115} INFO - [2023-09-25 16:43:05,704] {dag.py:2919} INFO - Setting next_dagrun for 1_dags to 2023-09-25T00:00:00+00:00, run_after=2023-09-26T00:00:00+00:00
[2023-09-25 16:43:05,753] {processor.py:161} INFO - Processing /opt/airflow/dags/1_dags.py took 0.533 seconds
[2023-09-25 16:43:36,039] {processor.py:153} INFO - Started process (PID=435) to work on /opt/airflow/dags/1_dags.py
[2023-09-25 16:43:36,042] {processor.py:641} INFO - Processing file /opt/airflow/dags/1_dags.py for tasks to queue
[2023-09-25 16:43:36,044] {logging_mixin.py:115} INFO - [2023-09-25 16:43:36,044] {dagbag.py:507} INFO - Filling up the DagBag from /opt/airflow/dags/1_dags.py
[2023-09-25 16:43:38,829] {processor.py:651} INFO - DAG(s) dict_keys(['1_dags']) retrieved from /opt/airflow/dags/1_dags.py
[2023-09-25 16:43:38,980] {logging_mixin.py:115} INFO - [2023-09-25 16:43:38,979] {dag.py:2371} INFO - Sync 1 DAGs
[2023-09-25 16:43:39,120] {logging_mixin.py:115} INFO - [2023-09-25 16:43:39,119] {dag.py:2919} INFO - Setting next_dagrun for 1_dags to 2023-09-25T00:00:00+00:00, run_after=2023-09-26T00:00:00+00:00
[2023-09-25 16:43:39,193] {processor.py:161} INFO - Processing /opt/airflow/dags/1_dags.py took 3.163 seconds
[2023-09-25 16:44:09,393] {processor.py:153} INFO - Started process (PID=443) to work on /opt/airflow/dags/1_dags.py
[2023-09-25 16:44:09,397] {processor.py:641} INFO - Processing file /opt/airflow/dags/1_dags.py for tasks to queue
[2023-09-25 16:44:09,399] {logging_mixin.py:115} INFO - [2023-09-25 16:44:09,398] {dagbag.py:507} INFO - Filling up the DagBag from /opt/airflow/dags/1_dags.py
[2023-09-25 16:44:10,982] {processor.py:651} INFO - DAG(s) dict_keys(['1_dags']) retrieved from /opt/airflow/dags/1_dags.py
[2023-09-25 16:44:11,010] {logging_mixin.py:115} INFO - [2023-09-25 16:44:11,010] {dag.py:2371} INFO - Sync 1 DAGs
[2023-09-25 16:44:11,058] {logging_mixin.py:115} INFO - [2023-09-25 16:44:11,058] {dag.py:2919} INFO - Setting next_dagrun for 1_dags to 2023-09-25T00:00:00+00:00, run_after=2023-09-26T00:00:00+00:00
[2023-09-25 16:44:11,107] {processor.py:161} INFO - Processing /opt/airflow/dags/1_dags.py took 1.734 seconds
[2023-09-25 16:44:41,662] {processor.py:153} INFO - Started process (PID=449) to work on /opt/airflow/dags/1_dags.py
[2023-09-25 16:44:41,666] {processor.py:641} INFO - Processing file /opt/airflow/dags/1_dags.py for tasks to queue
[2023-09-25 16:44:41,675] {logging_mixin.py:115} INFO - [2023-09-25 16:44:41,675] {dagbag.py:507} INFO - Filling up the DagBag from /opt/airflow/dags/1_dags.py
[2023-09-25 16:44:45,294] {processor.py:651} INFO - DAG(s) dict_keys(['1_dags']) retrieved from /opt/airflow/dags/1_dags.py
[2023-09-25 16:44:45,345] {logging_mixin.py:115} INFO - [2023-09-25 16:44:45,344] {dag.py:2371} INFO - Sync 1 DAGs
[2023-09-25 16:44:45,380] {logging_mixin.py:115} INFO - [2023-09-25 16:44:45,380] {dag.py:2919} INFO - Setting next_dagrun for 1_dags to 2023-09-25T00:00:00+00:00, run_after=2023-09-26T00:00:00+00:00
[2023-09-25 16:44:45,426] {processor.py:161} INFO - Processing /opt/airflow/dags/1_dags.py took 3.814 seconds
[2023-09-25 16:45:15,801] {processor.py:153} INFO - Started process (PID=455) to work on /opt/airflow/dags/1_dags.py
[2023-09-25 16:45:15,804] {processor.py:641} INFO - Processing file /opt/airflow/dags/1_dags.py for tasks to queue
[2023-09-25 16:45:15,806] {logging_mixin.py:115} INFO - [2023-09-25 16:45:15,806] {dagbag.py:507} INFO - Filling up the DagBag from /opt/airflow/dags/1_dags.py
[2023-09-25 16:45:17,149] {processor.py:651} INFO - DAG(s) dict_keys(['1_dags']) retrieved from /opt/airflow/dags/1_dags.py
[2023-09-25 16:45:17,222] {logging_mixin.py:115} INFO - [2023-09-25 16:45:17,221] {dag.py:2371} INFO - Sync 1 DAGs
[2023-09-25 16:45:17,290] {logging_mixin.py:115} INFO - [2023-09-25 16:45:17,290] {dag.py:2919} INFO - Setting next_dagrun for 1_dags to 2023-09-25T00:00:00+00:00, run_after=2023-09-26T00:00:00+00:00
[2023-09-25 16:45:17,315] {processor.py:161} INFO - Processing /opt/airflow/dags/1_dags.py took 1.527 seconds
[2023-09-25 16:45:47,664] {processor.py:153} INFO - Started process (PID=461) to work on /opt/airflow/dags/1_dags.py
[2023-09-25 16:45:47,665] {processor.py:641} INFO - Processing file /opt/airflow/dags/1_dags.py for tasks to queue
[2023-09-25 16:45:47,671] {logging_mixin.py:115} INFO - [2023-09-25 16:45:47,670] {dagbag.py:507} INFO - Filling up the DagBag from /opt/airflow/dags/1_dags.py
[2023-09-25 16:45:49,922] {processor.py:651} INFO - DAG(s) dict_keys(['1_dags']) retrieved from /opt/airflow/dags/1_dags.py
[2023-09-25 16:45:50,081] {logging_mixin.py:115} INFO - [2023-09-25 16:45:50,080] {dag.py:2371} INFO - Sync 1 DAGs
[2023-09-25 16:45:50,391] {logging_mixin.py:115} INFO - [2023-09-25 16:45:50,390] {dag.py:2919} INFO - Setting next_dagrun for 1_dags to 2023-09-25T00:00:00+00:00, run_after=2023-09-26T00:00:00+00:00
[2023-09-25 16:45:50,456] {processor.py:161} INFO - Processing /opt/airflow/dags/1_dags.py took 2.795 seconds
[2023-09-25 16:46:20,791] {processor.py:153} INFO - Started process (PID=467) to work on /opt/airflow/dags/1_dags.py
[2023-09-25 16:46:20,792] {processor.py:641} INFO - Processing file /opt/airflow/dags/1_dags.py for tasks to queue
[2023-09-25 16:46:20,796] {logging_mixin.py:115} INFO - [2023-09-25 16:46:20,796] {dagbag.py:507} INFO - Filling up the DagBag from /opt/airflow/dags/1_dags.py
[2023-09-25 16:46:21,592] {processor.py:651} INFO - DAG(s) dict_keys(['1_dags']) retrieved from /opt/airflow/dags/1_dags.py
[2023-09-25 16:46:21,625] {logging_mixin.py:115} INFO - [2023-09-25 16:46:21,624] {dag.py:2371} INFO - Sync 1 DAGs
[2023-09-25 16:46:21,663] {logging_mixin.py:115} INFO - [2023-09-25 16:46:21,662] {dag.py:2919} INFO - Setting next_dagrun for 1_dags to 2023-09-25T00:00:00+00:00, run_after=2023-09-26T00:00:00+00:00
[2023-09-25 16:46:21,692] {processor.py:161} INFO - Processing /opt/airflow/dags/1_dags.py took 0.910 seconds
[2023-09-25 16:46:51,966] {processor.py:153} INFO - Started process (PID=473) to work on /opt/airflow/dags/1_dags.py
[2023-09-25 16:46:51,969] {processor.py:641} INFO - Processing file /opt/airflow/dags/1_dags.py for tasks to queue
[2023-09-25 16:46:51,970] {logging_mixin.py:115} INFO - [2023-09-25 16:46:51,970] {dagbag.py:507} INFO - Filling up the DagBag from /opt/airflow/dags/1_dags.py
[2023-09-25 16:46:52,821] {processor.py:651} INFO - DAG(s) dict_keys(['1_dags']) retrieved from /opt/airflow/dags/1_dags.py
[2023-09-25 16:46:52,907] {logging_mixin.py:115} INFO - [2023-09-25 16:46:52,900] {dag.py:2371} INFO - Sync 1 DAGs
[2023-09-25 16:46:53,045] {logging_mixin.py:115} INFO - [2023-09-25 16:46:53,045] {dag.py:2919} INFO - Setting next_dagrun for 1_dags to 2023-09-25T00:00:00+00:00, run_after=2023-09-26T00:00:00+00:00
[2023-09-25 16:46:53,091] {processor.py:161} INFO - Processing /opt/airflow/dags/1_dags.py took 1.132 seconds
[2023-09-25 16:47:22,250] {processor.py:153} INFO - Started process (PID=479) to work on /opt/airflow/dags/1_dags.py
[2023-09-25 16:47:22,251] {processor.py:641} INFO - Processing file /opt/airflow/dags/1_dags.py for tasks to queue
[2023-09-25 16:47:22,252] {logging_mixin.py:115} INFO - [2023-09-25 16:47:22,252] {dagbag.py:507} INFO - Filling up the DagBag from /opt/airflow/dags/1_dags.py
[2023-09-25 16:47:23,318] {processor.py:651} INFO - DAG(s) dict_keys(['1_dags']) retrieved from /opt/airflow/dags/1_dags.py
[2023-09-25 16:47:23,378] {logging_mixin.py:115} INFO - [2023-09-25 16:47:23,377] {dag.py:2371} INFO - Sync 1 DAGs
[2023-09-25 16:47:23,442] {logging_mixin.py:115} INFO - [2023-09-25 16:47:23,442] {dag.py:2919} INFO - Setting next_dagrun for 1_dags to 2023-09-25T00:00:00+00:00, run_after=2023-09-26T00:00:00+00:00
[2023-09-25 16:47:23,500] {processor.py:161} INFO - Processing /opt/airflow/dags/1_dags.py took 1.254 seconds
[2023-09-25 16:47:53,640] {processor.py:153} INFO - Started process (PID=488) to work on /opt/airflow/dags/1_dags.py
[2023-09-25 16:47:53,740] {processor.py:641} INFO - Processing file /opt/airflow/dags/1_dags.py for tasks to queue
[2023-09-25 16:47:53,747] {logging_mixin.py:115} INFO - [2023-09-25 16:47:53,747] {dagbag.py:507} INFO - Filling up the DagBag from /opt/airflow/dags/1_dags.py
[2023-09-25 16:47:55,739] {processor.py:651} INFO - DAG(s) dict_keys(['1_dags']) retrieved from /opt/airflow/dags/1_dags.py
[2023-09-25 16:47:55,792] {logging_mixin.py:115} INFO - [2023-09-25 16:47:55,785] {dag.py:2371} INFO - Sync 1 DAGs
[2023-09-25 16:47:55,844] {logging_mixin.py:115} INFO - [2023-09-25 16:47:55,844] {dag.py:2919} INFO - Setting next_dagrun for 1_dags to 2023-09-25T00:00:00+00:00, run_after=2023-09-26T00:00:00+00:00
[2023-09-25 16:47:55,896] {processor.py:161} INFO - Processing /opt/airflow/dags/1_dags.py took 2.268 seconds
[2023-09-25 16:48:26,127] {processor.py:153} INFO - Started process (PID=494) to work on /opt/airflow/dags/1_dags.py
[2023-09-25 16:48:26,130] {processor.py:641} INFO - Processing file /opt/airflow/dags/1_dags.py for tasks to queue
[2023-09-25 16:48:26,132] {logging_mixin.py:115} INFO - [2023-09-25 16:48:26,132] {dagbag.py:507} INFO - Filling up the DagBag from /opt/airflow/dags/1_dags.py
[2023-09-25 16:48:27,028] {processor.py:651} INFO - DAG(s) dict_keys(['1_dags']) retrieved from /opt/airflow/dags/1_dags.py
[2023-09-25 16:48:27,066] {logging_mixin.py:115} INFO - [2023-09-25 16:48:27,066] {dag.py:2371} INFO - Sync 1 DAGs
[2023-09-25 16:48:27,111] {logging_mixin.py:115} INFO - [2023-09-25 16:48:27,111] {dag.py:2919} INFO - Setting next_dagrun for 1_dags to 2023-09-25T00:00:00+00:00, run_after=2023-09-26T00:00:00+00:00
[2023-09-25 16:48:27,142] {processor.py:161} INFO - Processing /opt/airflow/dags/1_dags.py took 1.023 seconds
[2023-09-25 16:48:57,414] {processor.py:153} INFO - Started process (PID=500) to work on /opt/airflow/dags/1_dags.py
[2023-09-25 16:48:57,420] {processor.py:641} INFO - Processing file /opt/airflow/dags/1_dags.py for tasks to queue
[2023-09-25 16:48:57,422] {logging_mixin.py:115} INFO - [2023-09-25 16:48:57,422] {dagbag.py:507} INFO - Filling up the DagBag from /opt/airflow/dags/1_dags.py
[2023-09-25 16:48:58,365] {processor.py:651} INFO - DAG(s) dict_keys(['1_dags']) retrieved from /opt/airflow/dags/1_dags.py
[2023-09-25 16:48:58,452] {logging_mixin.py:115} INFO - [2023-09-25 16:48:58,451] {dag.py:2371} INFO - Sync 1 DAGs
[2023-09-25 16:48:58,505] {logging_mixin.py:115} INFO - [2023-09-25 16:48:58,505] {dag.py:2919} INFO - Setting next_dagrun for 1_dags to 2023-09-25T00:00:00+00:00, run_after=2023-09-26T00:00:00+00:00
[2023-09-25 16:48:58,526] {processor.py:161} INFO - Processing /opt/airflow/dags/1_dags.py took 1.115 seconds
[2023-09-25 16:49:28,706] {processor.py:153} INFO - Started process (PID=506) to work on /opt/airflow/dags/1_dags.py
[2023-09-25 16:49:28,707] {processor.py:641} INFO - Processing file /opt/airflow/dags/1_dags.py for tasks to queue
[2023-09-25 16:49:28,708] {logging_mixin.py:115} INFO - [2023-09-25 16:49:28,708] {dagbag.py:507} INFO - Filling up the DagBag from /opt/airflow/dags/1_dags.py
[2023-09-25 16:49:29,571] {processor.py:651} INFO - DAG(s) dict_keys(['1_dags']) retrieved from /opt/airflow/dags/1_dags.py
[2023-09-25 16:49:29,614] {logging_mixin.py:115} INFO - [2023-09-25 16:49:29,613] {dag.py:2371} INFO - Sync 1 DAGs
[2023-09-25 16:49:29,639] {logging_mixin.py:115} INFO - [2023-09-25 16:49:29,639] {dag.py:2919} INFO - Setting next_dagrun for 1_dags to 2023-09-25T00:00:00+00:00, run_after=2023-09-26T00:00:00+00:00
[2023-09-25 16:49:29,658] {processor.py:161} INFO - Processing /opt/airflow/dags/1_dags.py took 0.954 seconds
[2023-09-25 16:49:59,913] {processor.py:153} INFO - Started process (PID=512) to work on /opt/airflow/dags/1_dags.py
[2023-09-25 16:49:59,915] {processor.py:641} INFO - Processing file /opt/airflow/dags/1_dags.py for tasks to queue
[2023-09-25 16:49:59,918] {logging_mixin.py:115} INFO - [2023-09-25 16:49:59,916] {dagbag.py:507} INFO - Filling up the DagBag from /opt/airflow/dags/1_dags.py
[2023-09-25 16:50:00,820] {processor.py:651} INFO - DAG(s) dict_keys(['1_dags']) retrieved from /opt/airflow/dags/1_dags.py
[2023-09-25 16:50:00,873] {logging_mixin.py:115} INFO - [2023-09-25 16:50:00,872] {dag.py:2371} INFO - Sync 1 DAGs
[2023-09-25 16:50:00,910] {logging_mixin.py:115} INFO - [2023-09-25 16:50:00,910] {dag.py:2919} INFO - Setting next_dagrun for 1_dags to 2023-09-25T00:00:00+00:00, run_after=2023-09-26T00:00:00+00:00
[2023-09-25 16:50:00,955] {processor.py:161} INFO - Processing /opt/airflow/dags/1_dags.py took 1.046 seconds
[2023-09-25 16:50:31,171] {processor.py:153} INFO - Started process (PID=518) to work on /opt/airflow/dags/1_dags.py
[2023-09-25 16:50:31,172] {processor.py:641} INFO - Processing file /opt/airflow/dags/1_dags.py for tasks to queue
[2023-09-25 16:50:31,173] {logging_mixin.py:115} INFO - [2023-09-25 16:50:31,172] {dagbag.py:507} INFO - Filling up the DagBag from /opt/airflow/dags/1_dags.py
[2023-09-25 16:50:31,907] {processor.py:651} INFO - DAG(s) dict_keys(['1_dags']) retrieved from /opt/airflow/dags/1_dags.py
[2023-09-25 16:50:31,940] {logging_mixin.py:115} INFO - [2023-09-25 16:50:31,940] {dag.py:2371} INFO - Sync 1 DAGs
[2023-09-25 16:50:31,971] {logging_mixin.py:115} INFO - [2023-09-25 16:50:31,971] {dag.py:2919} INFO - Setting next_dagrun for 1_dags to 2023-09-25T00:00:00+00:00, run_after=2023-09-26T00:00:00+00:00
[2023-09-25 16:50:31,988] {processor.py:161} INFO - Processing /opt/airflow/dags/1_dags.py took 0.821 seconds
[2023-09-25 16:51:02,272] {processor.py:153} INFO - Started process (PID=524) to work on /opt/airflow/dags/1_dags.py
[2023-09-25 16:51:02,276] {processor.py:641} INFO - Processing file /opt/airflow/dags/1_dags.py for tasks to queue
[2023-09-25 16:51:02,278] {logging_mixin.py:115} INFO - [2023-09-25 16:51:02,278] {dagbag.py:507} INFO - Filling up the DagBag from /opt/airflow/dags/1_dags.py
[2023-09-25 16:51:03,006] {processor.py:651} INFO - DAG(s) dict_keys(['1_dags']) retrieved from /opt/airflow/dags/1_dags.py
[2023-09-25 16:51:03,042] {logging_mixin.py:115} INFO - [2023-09-25 16:51:03,041] {dag.py:2371} INFO - Sync 1 DAGs
[2023-09-25 16:51:03,070] {logging_mixin.py:115} INFO - [2023-09-25 16:51:03,070] {dag.py:2919} INFO - Setting next_dagrun for 1_dags to 2023-09-25T00:00:00+00:00, run_after=2023-09-26T00:00:00+00:00
[2023-09-25 16:51:03,095] {processor.py:161} INFO - Processing /opt/airflow/dags/1_dags.py took 0.828 seconds
[2023-09-25 16:51:33,646] {processor.py:153} INFO - Started process (PID=530) to work on /opt/airflow/dags/1_dags.py
[2023-09-25 16:51:33,646] {processor.py:641} INFO - Processing file /opt/airflow/dags/1_dags.py for tasks to queue
[2023-09-25 16:51:33,647] {logging_mixin.py:115} INFO - [2023-09-25 16:51:33,647] {dagbag.py:507} INFO - Filling up the DagBag from /opt/airflow/dags/1_dags.py
[2023-09-25 16:51:34,523] {processor.py:651} INFO - DAG(s) dict_keys(['1_dags']) retrieved from /opt/airflow/dags/1_dags.py
[2023-09-25 16:51:34,567] {logging_mixin.py:115} INFO - [2023-09-25 16:51:34,567] {dag.py:2371} INFO - Sync 1 DAGs
[2023-09-25 16:51:34,605] {logging_mixin.py:115} INFO - [2023-09-25 16:51:34,604] {dag.py:2919} INFO - Setting next_dagrun for 1_dags to 2023-09-25T00:00:00+00:00, run_after=2023-09-26T00:00:00+00:00
[2023-09-25 16:51:34,621] {processor.py:161} INFO - Processing /opt/airflow/dags/1_dags.py took 0.978 seconds
[2023-09-25 16:52:04,915] {processor.py:153} INFO - Started process (PID=536) to work on /opt/airflow/dags/1_dags.py
[2023-09-25 16:52:04,916] {processor.py:641} INFO - Processing file /opt/airflow/dags/1_dags.py for tasks to queue
[2023-09-25 16:52:04,917] {logging_mixin.py:115} INFO - [2023-09-25 16:52:04,916] {dagbag.py:507} INFO - Filling up the DagBag from /opt/airflow/dags/1_dags.py
[2023-09-25 16:52:05,730] {processor.py:651} INFO - DAG(s) dict_keys(['1_dags']) retrieved from /opt/airflow/dags/1_dags.py
[2023-09-25 16:52:05,775] {logging_mixin.py:115} INFO - [2023-09-25 16:52:05,774] {dag.py:2371} INFO - Sync 1 DAGs
[2023-09-25 16:52:05,834] {logging_mixin.py:115} INFO - [2023-09-25 16:52:05,834] {dag.py:2919} INFO - Setting next_dagrun for 1_dags to 2023-09-25T00:00:00+00:00, run_after=2023-09-26T00:00:00+00:00
[2023-09-25 16:52:05,857] {processor.py:161} INFO - Processing /opt/airflow/dags/1_dags.py took 0.945 seconds
[2023-09-25 16:52:36,138] {processor.py:153} INFO - Started process (PID=542) to work on /opt/airflow/dags/1_dags.py
[2023-09-25 16:52:36,139] {processor.py:641} INFO - Processing file /opt/airflow/dags/1_dags.py for tasks to queue
[2023-09-25 16:52:36,140] {logging_mixin.py:115} INFO - [2023-09-25 16:52:36,140] {dagbag.py:507} INFO - Filling up the DagBag from /opt/airflow/dags/1_dags.py
[2023-09-25 16:52:37,000] {processor.py:651} INFO - DAG(s) dict_keys(['1_dags']) retrieved from /opt/airflow/dags/1_dags.py
[2023-09-25 16:52:37,027] {logging_mixin.py:115} INFO - [2023-09-25 16:52:37,025] {dag.py:2371} INFO - Sync 1 DAGs
[2023-09-25 16:52:37,057] {logging_mixin.py:115} INFO - [2023-09-25 16:52:37,057] {dag.py:2919} INFO - Setting next_dagrun for 1_dags to 2023-09-25T00:00:00+00:00, run_after=2023-09-26T00:00:00+00:00
[2023-09-25 16:52:37,124] {processor.py:161} INFO - Processing /opt/airflow/dags/1_dags.py took 0.989 seconds
[2023-09-25 16:53:07,340] {processor.py:153} INFO - Started process (PID=548) to work on /opt/airflow/dags/1_dags.py
[2023-09-25 16:53:07,340] {processor.py:641} INFO - Processing file /opt/airflow/dags/1_dags.py for tasks to queue
[2023-09-25 16:53:07,342] {logging_mixin.py:115} INFO - [2023-09-25 16:53:07,342] {dagbag.py:507} INFO - Filling up the DagBag from /opt/airflow/dags/1_dags.py
[2023-09-25 16:53:08,145] {processor.py:651} INFO - DAG(s) dict_keys(['1_dags']) retrieved from /opt/airflow/dags/1_dags.py
[2023-09-25 16:53:08,169] {logging_mixin.py:115} INFO - [2023-09-25 16:53:08,168] {dag.py:2371} INFO - Sync 1 DAGs
[2023-09-25 16:53:08,192] {logging_mixin.py:115} INFO - [2023-09-25 16:53:08,191] {dag.py:2919} INFO - Setting next_dagrun for 1_dags to 2023-09-25T00:00:00+00:00, run_after=2023-09-26T00:00:00+00:00
[2023-09-25 16:53:08,211] {processor.py:161} INFO - Processing /opt/airflow/dags/1_dags.py took 0.874 seconds
[2023-09-25 16:53:38,536] {processor.py:153} INFO - Started process (PID=554) to work on /opt/airflow/dags/1_dags.py
[2023-09-25 16:53:38,537] {processor.py:641} INFO - Processing file /opt/airflow/dags/1_dags.py for tasks to queue
[2023-09-25 16:53:38,538] {logging_mixin.py:115} INFO - [2023-09-25 16:53:38,538] {dagbag.py:507} INFO - Filling up the DagBag from /opt/airflow/dags/1_dags.py
[2023-09-25 16:53:39,347] {processor.py:651} INFO - DAG(s) dict_keys(['1_dags']) retrieved from /opt/airflow/dags/1_dags.py
[2023-09-25 16:53:39,412] {logging_mixin.py:115} INFO - [2023-09-25 16:53:39,411] {dag.py:2371} INFO - Sync 1 DAGs
[2023-09-25 16:53:39,458] {logging_mixin.py:115} INFO - [2023-09-25 16:53:39,458] {dag.py:2919} INFO - Setting next_dagrun for 1_dags to 2023-09-25T00:00:00+00:00, run_after=2023-09-26T00:00:00+00:00
[2023-09-25 16:53:39,495] {processor.py:161} INFO - Processing /opt/airflow/dags/1_dags.py took 0.965 seconds
[2023-09-25 16:54:09,675] {processor.py:153} INFO - Started process (PID=560) to work on /opt/airflow/dags/1_dags.py
[2023-09-25 16:54:09,676] {processor.py:641} INFO - Processing file /opt/airflow/dags/1_dags.py for tasks to queue
[2023-09-25 16:54:09,676] {logging_mixin.py:115} INFO - [2023-09-25 16:54:09,676] {dagbag.py:507} INFO - Filling up the DagBag from /opt/airflow/dags/1_dags.py
[2023-09-25 16:54:10,208] {processor.py:651} INFO - DAG(s) dict_keys(['1_dags']) retrieved from /opt/airflow/dags/1_dags.py
[2023-09-25 16:54:10,354] {logging_mixin.py:115} INFO - [2023-09-25 16:54:10,348] {dag.py:2371} INFO - Sync 1 DAGs
[2023-09-25 16:54:10,440] {logging_mixin.py:115} INFO - [2023-09-25 16:54:10,439] {dag.py:2919} INFO - Setting next_dagrun for 1_dags to 2023-09-25T00:00:00+00:00, run_after=2023-09-26T00:00:00+00:00
[2023-09-25 16:54:10,475] {processor.py:161} INFO - Processing /opt/airflow/dags/1_dags.py took 0.803 seconds
[2023-09-25 16:54:40,625] {processor.py:153} INFO - Started process (PID=566) to work on /opt/airflow/dags/1_dags.py
[2023-09-25 16:54:40,626] {processor.py:641} INFO - Processing file /opt/airflow/dags/1_dags.py for tasks to queue
[2023-09-25 16:54:40,627] {logging_mixin.py:115} INFO - [2023-09-25 16:54:40,627] {dagbag.py:507} INFO - Filling up the DagBag from /opt/airflow/dags/1_dags.py
[2023-09-25 16:54:41,043] {processor.py:651} INFO - DAG(s) dict_keys(['1_dags']) retrieved from /opt/airflow/dags/1_dags.py
[2023-09-25 16:54:41,066] {logging_mixin.py:115} INFO - [2023-09-25 16:54:41,065] {dag.py:2371} INFO - Sync 1 DAGs
[2023-09-25 16:54:41,092] {logging_mixin.py:115} INFO - [2023-09-25 16:54:41,092] {dag.py:2919} INFO - Setting next_dagrun for 1_dags to 2023-09-25T00:00:00+00:00, run_after=2023-09-26T00:00:00+00:00
[2023-09-25 16:54:41,107] {processor.py:161} INFO - Processing /opt/airflow/dags/1_dags.py took 0.484 seconds
[2023-09-25 16:55:11,246] {processor.py:153} INFO - Started process (PID=572) to work on /opt/airflow/dags/1_dags.py
[2023-09-25 16:55:11,247] {processor.py:641} INFO - Processing file /opt/airflow/dags/1_dags.py for tasks to queue
[2023-09-25 16:55:11,248] {logging_mixin.py:115} INFO - [2023-09-25 16:55:11,247] {dagbag.py:507} INFO - Filling up the DagBag from /opt/airflow/dags/1_dags.py
[2023-09-25 16:55:11,714] {processor.py:651} INFO - DAG(s) dict_keys(['1_dags']) retrieved from /opt/airflow/dags/1_dags.py
[2023-09-25 16:55:11,731] {logging_mixin.py:115} INFO - [2023-09-25 16:55:11,730] {dag.py:2371} INFO - Sync 1 DAGs
[2023-09-25 16:55:11,751] {logging_mixin.py:115} INFO - [2023-09-25 16:55:11,751] {dag.py:2919} INFO - Setting next_dagrun for 1_dags to 2023-09-25T00:00:00+00:00, run_after=2023-09-26T00:00:00+00:00
[2023-09-25 16:55:11,765] {processor.py:161} INFO - Processing /opt/airflow/dags/1_dags.py took 0.521 seconds
[2023-09-25 16:55:41,918] {processor.py:153} INFO - Started process (PID=578) to work on /opt/airflow/dags/1_dags.py
[2023-09-25 16:55:41,920] {processor.py:641} INFO - Processing file /opt/airflow/dags/1_dags.py for tasks to queue
[2023-09-25 16:55:41,921] {logging_mixin.py:115} INFO - [2023-09-25 16:55:41,921] {dagbag.py:507} INFO - Filling up the DagBag from /opt/airflow/dags/1_dags.py
[2023-09-25 16:55:42,277] {processor.py:651} INFO - DAG(s) dict_keys(['1_dags']) retrieved from /opt/airflow/dags/1_dags.py
[2023-09-25 16:55:42,305] {logging_mixin.py:115} INFO - [2023-09-25 16:55:42,304] {dag.py:2371} INFO - Sync 1 DAGs
[2023-09-25 16:55:42,323] {logging_mixin.py:115} INFO - [2023-09-25 16:55:42,323] {dag.py:2919} INFO - Setting next_dagrun for 1_dags to 2023-09-25T00:00:00+00:00, run_after=2023-09-26T00:00:00+00:00
[2023-09-25 16:55:42,335] {processor.py:161} INFO - Processing /opt/airflow/dags/1_dags.py took 0.421 seconds
[2023-09-25 16:56:12,485] {processor.py:153} INFO - Started process (PID=584) to work on /opt/airflow/dags/1_dags.py
[2023-09-25 16:56:12,486] {processor.py:641} INFO - Processing file /opt/airflow/dags/1_dags.py for tasks to queue
[2023-09-25 16:56:12,487] {logging_mixin.py:115} INFO - [2023-09-25 16:56:12,487] {dagbag.py:507} INFO - Filling up the DagBag from /opt/airflow/dags/1_dags.py
[2023-09-25 16:56:13,036] {processor.py:651} INFO - DAG(s) dict_keys(['1_dags']) retrieved from /opt/airflow/dags/1_dags.py
[2023-09-25 16:56:13,124] {logging_mixin.py:115} INFO - [2023-09-25 16:56:13,119] {dag.py:2371} INFO - Sync 1 DAGs
[2023-09-25 16:56:13,195] {logging_mixin.py:115} INFO - [2023-09-25 16:56:13,194] {dag.py:2919} INFO - Setting next_dagrun for 1_dags to 2023-09-25T00:00:00+00:00, run_after=2023-09-26T00:00:00+00:00
[2023-09-25 16:56:13,222] {processor.py:161} INFO - Processing /opt/airflow/dags/1_dags.py took 0.742 seconds
[2023-09-25 16:56:43,499] {processor.py:153} INFO - Started process (PID=590) to work on /opt/airflow/dags/1_dags.py
[2023-09-25 16:56:43,500] {processor.py:641} INFO - Processing file /opt/airflow/dags/1_dags.py for tasks to queue
[2023-09-25 16:56:43,501] {logging_mixin.py:115} INFO - [2023-09-25 16:56:43,501] {dagbag.py:507} INFO - Filling up the DagBag from /opt/airflow/dags/1_dags.py
[2023-09-25 16:56:43,991] {processor.py:651} INFO - DAG(s) dict_keys(['1_dags']) retrieved from /opt/airflow/dags/1_dags.py
[2023-09-25 16:56:44,017] {logging_mixin.py:115} INFO - [2023-09-25 16:56:44,017] {dag.py:2371} INFO - Sync 1 DAGs
[2023-09-25 16:56:44,034] {logging_mixin.py:115} INFO - [2023-09-25 16:56:44,034] {dag.py:2919} INFO - Setting next_dagrun for 1_dags to 2023-09-25T00:00:00+00:00, run_after=2023-09-26T00:00:00+00:00
[2023-09-25 16:56:44,045] {processor.py:161} INFO - Processing /opt/airflow/dags/1_dags.py took 0.549 seconds
[2023-09-25 16:57:14,191] {processor.py:153} INFO - Started process (PID=596) to work on /opt/airflow/dags/1_dags.py
[2023-09-25 16:57:14,192] {processor.py:641} INFO - Processing file /opt/airflow/dags/1_dags.py for tasks to queue
[2023-09-25 16:57:14,193] {logging_mixin.py:115} INFO - [2023-09-25 16:57:14,193] {dagbag.py:507} INFO - Filling up the DagBag from /opt/airflow/dags/1_dags.py
[2023-09-25 16:57:14,560] {processor.py:651} INFO - DAG(s) dict_keys(['1_dags']) retrieved from /opt/airflow/dags/1_dags.py
[2023-09-25 16:57:14,577] {logging_mixin.py:115} INFO - [2023-09-25 16:57:14,576] {dag.py:2371} INFO - Sync 1 DAGs
[2023-09-25 16:57:14,594] {logging_mixin.py:115} INFO - [2023-09-25 16:57:14,594] {dag.py:2919} INFO - Setting next_dagrun for 1_dags to 2023-09-25T00:00:00+00:00, run_after=2023-09-26T00:00:00+00:00
[2023-09-25 16:57:14,606] {processor.py:161} INFO - Processing /opt/airflow/dags/1_dags.py took 0.417 seconds
[2023-09-25 16:57:44,733] {processor.py:153} INFO - Started process (PID=602) to work on /opt/airflow/dags/1_dags.py
[2023-09-25 16:57:44,734] {processor.py:641} INFO - Processing file /opt/airflow/dags/1_dags.py for tasks to queue
[2023-09-25 16:57:44,735] {logging_mixin.py:115} INFO - [2023-09-25 16:57:44,735] {dagbag.py:507} INFO - Filling up the DagBag from /opt/airflow/dags/1_dags.py
[2023-09-25 16:57:45,098] {processor.py:651} INFO - DAG(s) dict_keys(['1_dags']) retrieved from /opt/airflow/dags/1_dags.py
[2023-09-25 16:57:45,151] {logging_mixin.py:115} INFO - [2023-09-25 16:57:45,148] {dag.py:2371} INFO - Sync 1 DAGs
[2023-09-25 16:57:45,234] {logging_mixin.py:115} INFO - [2023-09-25 16:57:45,234] {dag.py:2919} INFO - Setting next_dagrun for 1_dags to 2023-09-25T00:00:00+00:00, run_after=2023-09-26T00:00:00+00:00
[2023-09-25 16:57:45,279] {processor.py:161} INFO - Processing /opt/airflow/dags/1_dags.py took 0.548 seconds
[2023-09-25 16:58:16,131] {processor.py:153} INFO - Started process (PID=608) to work on /opt/airflow/dags/1_dags.py
[2023-09-25 16:58:16,242] {processor.py:641} INFO - Processing file /opt/airflow/dags/1_dags.py for tasks to queue
[2023-09-25 16:58:16,355] {logging_mixin.py:115} INFO - [2023-09-25 16:58:16,354] {dagbag.py:507} INFO - Filling up the DagBag from /opt/airflow/dags/1_dags.py
[2023-09-25 16:58:20,372] {processor.py:651} INFO - DAG(s) dict_keys(['1_dags']) retrieved from /opt/airflow/dags/1_dags.py
[2023-09-25 16:58:20,392] {logging_mixin.py:115} INFO - [2023-09-25 16:58:20,392] {dag.py:2371} INFO - Sync 1 DAGs
[2023-09-25 16:58:20,410] {logging_mixin.py:115} INFO - [2023-09-25 16:58:20,410] {dag.py:2919} INFO - Setting next_dagrun for 1_dags to 2023-09-25T00:00:00+00:00, run_after=2023-09-26T00:00:00+00:00
[2023-09-25 16:58:20,433] {processor.py:161} INFO - Processing /opt/airflow/dags/1_dags.py took 4.967 seconds
[2023-09-25 16:58:50,587] {processor.py:153} INFO - Started process (PID=617) to work on /opt/airflow/dags/1_dags.py
[2023-09-25 16:58:50,587] {processor.py:641} INFO - Processing file /opt/airflow/dags/1_dags.py for tasks to queue
[2023-09-25 16:58:50,588] {logging_mixin.py:115} INFO - [2023-09-25 16:58:50,588] {dagbag.py:507} INFO - Filling up the DagBag from /opt/airflow/dags/1_dags.py
[2023-09-25 16:58:50,981] {processor.py:651} INFO - DAG(s) dict_keys(['1_dags']) retrieved from /opt/airflow/dags/1_dags.py
[2023-09-25 16:58:50,997] {logging_mixin.py:115} INFO - [2023-09-25 16:58:50,996] {dag.py:2371} INFO - Sync 1 DAGs
[2023-09-25 16:58:51,015] {logging_mixin.py:115} INFO - [2023-09-25 16:58:51,015] {dag.py:2919} INFO - Setting next_dagrun for 1_dags to 2023-09-25T00:00:00+00:00, run_after=2023-09-26T00:00:00+00:00
[2023-09-25 16:58:51,028] {processor.py:161} INFO - Processing /opt/airflow/dags/1_dags.py took 0.446 seconds
[2023-09-25 16:59:21,184] {processor.py:153} INFO - Started process (PID=623) to work on /opt/airflow/dags/1_dags.py
[2023-09-25 16:59:21,185] {processor.py:641} INFO - Processing file /opt/airflow/dags/1_dags.py for tasks to queue
[2023-09-25 16:59:21,186] {logging_mixin.py:115} INFO - [2023-09-25 16:59:21,185] {dagbag.py:507} INFO - Filling up the DagBag from /opt/airflow/dags/1_dags.py
[2023-09-25 16:59:21,708] {processor.py:651} INFO - DAG(s) dict_keys(['1_dags']) retrieved from /opt/airflow/dags/1_dags.py
[2023-09-25 16:59:21,728] {logging_mixin.py:115} INFO - [2023-09-25 16:59:21,727] {dag.py:2371} INFO - Sync 1 DAGs
[2023-09-25 16:59:21,759] {logging_mixin.py:115} INFO - [2023-09-25 16:59:21,758] {dag.py:2919} INFO - Setting next_dagrun for 1_dags to 2023-09-25T00:00:00+00:00, run_after=2023-09-26T00:00:00+00:00
[2023-09-25 16:59:21,778] {processor.py:161} INFO - Processing /opt/airflow/dags/1_dags.py took 0.599 seconds
[2023-09-25 16:59:51,918] {processor.py:153} INFO - Started process (PID=629) to work on /opt/airflow/dags/1_dags.py
[2023-09-25 16:59:52,014] {processor.py:641} INFO - Processing file /opt/airflow/dags/1_dags.py for tasks to queue
[2023-09-25 16:59:52,017] {logging_mixin.py:115} INFO - [2023-09-25 16:59:52,017] {dagbag.py:507} INFO - Filling up the DagBag from /opt/airflow/dags/1_dags.py
[2023-09-25 16:59:52,821] {processor.py:651} INFO - DAG(s) dict_keys(['1_dags']) retrieved from /opt/airflow/dags/1_dags.py
[2023-09-25 16:59:52,848] {logging_mixin.py:115} INFO - [2023-09-25 16:59:52,848] {dag.py:2371} INFO - Sync 1 DAGs
[2023-09-25 16:59:52,867] {logging_mixin.py:115} INFO - [2023-09-25 16:59:52,867] {dag.py:2919} INFO - Setting next_dagrun for 1_dags to 2023-09-25T00:00:00+00:00, run_after=2023-09-26T00:00:00+00:00
[2023-09-25 16:59:52,896] {processor.py:161} INFO - Processing /opt/airflow/dags/1_dags.py took 0.981 seconds
[2023-09-25 17:00:23,149] {processor.py:153} INFO - Started process (PID=635) to work on /opt/airflow/dags/1_dags.py
[2023-09-25 17:00:23,149] {processor.py:641} INFO - Processing file /opt/airflow/dags/1_dags.py for tasks to queue
[2023-09-25 17:00:23,150] {logging_mixin.py:115} INFO - [2023-09-25 17:00:23,150] {dagbag.py:507} INFO - Filling up the DagBag from /opt/airflow/dags/1_dags.py
[2023-09-25 17:00:23,686] {processor.py:651} INFO - DAG(s) dict_keys(['1_dags']) retrieved from /opt/airflow/dags/1_dags.py
[2023-09-25 17:00:23,713] {logging_mixin.py:115} INFO - [2023-09-25 17:00:23,713] {dag.py:2371} INFO - Sync 1 DAGs
[2023-09-25 17:00:23,745] {logging_mixin.py:115} INFO - [2023-09-25 17:00:23,745] {dag.py:2919} INFO - Setting next_dagrun for 1_dags to 2023-09-25T00:00:00+00:00, run_after=2023-09-26T00:00:00+00:00
[2023-09-25 17:00:23,770] {processor.py:161} INFO - Processing /opt/airflow/dags/1_dags.py took 0.624 seconds
[2023-09-25 17:00:54,016] {processor.py:153} INFO - Started process (PID=641) to work on /opt/airflow/dags/1_dags.py
[2023-09-25 17:00:54,019] {processor.py:641} INFO - Processing file /opt/airflow/dags/1_dags.py for tasks to queue
[2023-09-25 17:00:54,022] {logging_mixin.py:115} INFO - [2023-09-25 17:00:54,022] {dagbag.py:507} INFO - Filling up the DagBag from /opt/airflow/dags/1_dags.py
[2023-09-25 17:00:54,556] {processor.py:651} INFO - DAG(s) dict_keys(['1_dags']) retrieved from /opt/airflow/dags/1_dags.py
[2023-09-25 17:00:54,573] {logging_mixin.py:115} INFO - [2023-09-25 17:00:54,572] {dag.py:2371} INFO - Sync 1 DAGs
[2023-09-25 17:00:54,591] {logging_mixin.py:115} INFO - [2023-09-25 17:00:54,591] {dag.py:2919} INFO - Setting next_dagrun for 1_dags to 2023-09-25T00:00:00+00:00, run_after=2023-09-26T00:00:00+00:00
[2023-09-25 17:00:54,603] {processor.py:161} INFO - Processing /opt/airflow/dags/1_dags.py took 0.591 seconds
[2023-09-25 17:01:24,788] {processor.py:153} INFO - Started process (PID=647) to work on /opt/airflow/dags/1_dags.py
[2023-09-25 17:01:24,789] {processor.py:641} INFO - Processing file /opt/airflow/dags/1_dags.py for tasks to queue
[2023-09-25 17:01:24,791] {logging_mixin.py:115} INFO - [2023-09-25 17:01:24,791] {dagbag.py:507} INFO - Filling up the DagBag from /opt/airflow/dags/1_dags.py
[2023-09-25 17:01:25,378] {processor.py:651} INFO - DAG(s) dict_keys(['1_dags']) retrieved from /opt/airflow/dags/1_dags.py
[2023-09-25 17:01:25,405] {logging_mixin.py:115} INFO - [2023-09-25 17:01:25,405] {dag.py:2371} INFO - Sync 1 DAGs
[2023-09-25 17:01:25,430] {logging_mixin.py:115} INFO - [2023-09-25 17:01:25,429] {dag.py:2919} INFO - Setting next_dagrun for 1_dags to 2023-09-25T00:00:00+00:00, run_after=2023-09-26T00:00:00+00:00
[2023-09-25 17:01:25,455] {processor.py:161} INFO - Processing /opt/airflow/dags/1_dags.py took 0.676 seconds
[2023-09-25 17:01:55,604] {processor.py:153} INFO - Started process (PID=653) to work on /opt/airflow/dags/1_dags.py
[2023-09-25 17:01:55,605] {processor.py:641} INFO - Processing file /opt/airflow/dags/1_dags.py for tasks to queue
[2023-09-25 17:01:55,606] {logging_mixin.py:115} INFO - [2023-09-25 17:01:55,606] {dagbag.py:507} INFO - Filling up the DagBag from /opt/airflow/dags/1_dags.py
[2023-09-25 17:01:56,013] {processor.py:651} INFO - DAG(s) dict_keys(['1_dags']) retrieved from /opt/airflow/dags/1_dags.py
[2023-09-25 17:01:56,032] {logging_mixin.py:115} INFO - [2023-09-25 17:01:56,031] {dag.py:2371} INFO - Sync 1 DAGs
[2023-09-25 17:01:56,049] {logging_mixin.py:115} INFO - [2023-09-25 17:01:56,049] {dag.py:2919} INFO - Setting next_dagrun for 1_dags to 2023-09-25T00:00:00+00:00, run_after=2023-09-26T00:00:00+00:00
[2023-09-25 17:01:56,060] {processor.py:161} INFO - Processing /opt/airflow/dags/1_dags.py took 0.459 seconds
[2023-09-25 17:02:26,201] {processor.py:153} INFO - Started process (PID=659) to work on /opt/airflow/dags/1_dags.py
[2023-09-25 17:02:26,201] {processor.py:641} INFO - Processing file /opt/airflow/dags/1_dags.py for tasks to queue
[2023-09-25 17:02:26,202] {logging_mixin.py:115} INFO - [2023-09-25 17:02:26,202] {dagbag.py:507} INFO - Filling up the DagBag from /opt/airflow/dags/1_dags.py
[2023-09-25 17:02:26,601] {processor.py:651} INFO - DAG(s) dict_keys(['1_dags']) retrieved from /opt/airflow/dags/1_dags.py
[2023-09-25 17:02:26,617] {logging_mixin.py:115} INFO - [2023-09-25 17:02:26,616] {dag.py:2371} INFO - Sync 1 DAGs
[2023-09-25 17:02:26,634] {logging_mixin.py:115} INFO - [2023-09-25 17:02:26,634] {dag.py:2919} INFO - Setting next_dagrun for 1_dags to 2023-09-25T00:00:00+00:00, run_after=2023-09-26T00:00:00+00:00
[2023-09-25 17:02:26,656] {processor.py:161} INFO - Processing /opt/airflow/dags/1_dags.py took 0.459 seconds
[2023-09-25 17:02:56,802] {processor.py:153} INFO - Started process (PID=665) to work on /opt/airflow/dags/1_dags.py
[2023-09-25 17:02:56,804] {processor.py:641} INFO - Processing file /opt/airflow/dags/1_dags.py for tasks to queue
[2023-09-25 17:02:56,805] {logging_mixin.py:115} INFO - [2023-09-25 17:02:56,805] {dagbag.py:507} INFO - Filling up the DagBag from /opt/airflow/dags/1_dags.py
[2023-09-25 17:02:57,201] {processor.py:651} INFO - DAG(s) dict_keys(['1_dags']) retrieved from /opt/airflow/dags/1_dags.py
[2023-09-25 17:02:57,217] {logging_mixin.py:115} INFO - [2023-09-25 17:02:57,217] {dag.py:2371} INFO - Sync 1 DAGs
[2023-09-25 17:02:57,234] {logging_mixin.py:115} INFO - [2023-09-25 17:02:57,234] {dag.py:2919} INFO - Setting next_dagrun for 1_dags to 2023-09-25T00:00:00+00:00, run_after=2023-09-26T00:00:00+00:00
[2023-09-25 17:02:57,246] {processor.py:161} INFO - Processing /opt/airflow/dags/1_dags.py took 0.449 seconds
[2023-09-25 17:03:27,392] {processor.py:153} INFO - Started process (PID=671) to work on /opt/airflow/dags/1_dags.py
[2023-09-25 17:03:27,393] {processor.py:641} INFO - Processing file /opt/airflow/dags/1_dags.py for tasks to queue
[2023-09-25 17:03:27,393] {logging_mixin.py:115} INFO - [2023-09-25 17:03:27,393] {dagbag.py:507} INFO - Filling up the DagBag from /opt/airflow/dags/1_dags.py
[2023-09-25 17:03:27,717] {processor.py:651} INFO - DAG(s) dict_keys(['1_dags']) retrieved from /opt/airflow/dags/1_dags.py
[2023-09-25 17:03:27,732] {logging_mixin.py:115} INFO - [2023-09-25 17:03:27,731] {dag.py:2371} INFO - Sync 1 DAGs
[2023-09-25 17:03:27,748] {logging_mixin.py:115} INFO - [2023-09-25 17:03:27,748] {dag.py:2919} INFO - Setting next_dagrun for 1_dags to 2023-09-25T00:00:00+00:00, run_after=2023-09-26T00:00:00+00:00
[2023-09-25 17:03:27,760] {processor.py:161} INFO - Processing /opt/airflow/dags/1_dags.py took 0.372 seconds
[2023-09-25 17:03:57,954] {processor.py:153} INFO - Started process (PID=677) to work on /opt/airflow/dags/1_dags.py
[2023-09-25 17:03:57,955] {processor.py:641} INFO - Processing file /opt/airflow/dags/1_dags.py for tasks to queue
[2023-09-25 17:03:57,956] {logging_mixin.py:115} INFO - [2023-09-25 17:03:57,955] {dagbag.py:507} INFO - Filling up the DagBag from /opt/airflow/dags/1_dags.py
[2023-09-25 17:03:58,303] {processor.py:651} INFO - DAG(s) dict_keys(['1_dags']) retrieved from /opt/airflow/dags/1_dags.py
[2023-09-25 17:03:58,335] {logging_mixin.py:115} INFO - [2023-09-25 17:03:58,334] {dag.py:2371} INFO - Sync 1 DAGs
[2023-09-25 17:03:58,352] {logging_mixin.py:115} INFO - [2023-09-25 17:03:58,352] {dag.py:2919} INFO - Setting next_dagrun for 1_dags to 2023-09-25T00:00:00+00:00, run_after=2023-09-26T00:00:00+00:00
[2023-09-25 17:03:58,366] {processor.py:161} INFO - Processing /opt/airflow/dags/1_dags.py took 0.415 seconds
