[2023-09-26 06:11:25,424] {taskinstance.py:1159} INFO - Dependencies all met for <TaskInstance: 1_dags.get_province_daily manual__2023-09-26T02:58:18.564755+00:00 [queued]>
[2023-09-26 06:11:25,432] {taskinstance.py:1159} INFO - Dependencies all met for <TaskInstance: 1_dags.get_province_daily manual__2023-09-26T02:58:18.564755+00:00 [queued]>
[2023-09-26 06:11:25,433] {taskinstance.py:1356} INFO - 
--------------------------------------------------------------------------------
[2023-09-26 06:11:25,433] {taskinstance.py:1357} INFO - Starting attempt 25 of 25
[2023-09-26 06:11:25,434] {taskinstance.py:1358} INFO - 
--------------------------------------------------------------------------------
[2023-09-26 06:11:25,447] {taskinstance.py:1377} INFO - Executing <Task(PythonOperator): get_province_daily> on 2023-09-26 02:58:18.564755+00:00
[2023-09-26 06:11:25,452] {standard_task_runner.py:52} INFO - Started process 2656 to run task
[2023-09-26 06:11:25,454] {standard_task_runner.py:79} INFO - Running: ['***', 'tasks', 'run', '1_dags', 'get_province_daily', 'manual__2023-09-26T02:58:18.564755+00:00', '--job-id', '57', '--raw', '--subdir', 'DAGS_FOLDER/1_dags.py', '--cfg-path', '/tmp/tmpv8m9123g', '--error-file', '/tmp/tmpc7swjewx']
[2023-09-26 06:11:25,455] {standard_task_runner.py:80} INFO - Job 57: Subtask get_province_daily
[2023-09-26 06:11:25,519] {task_command.py:369} INFO - Running <TaskInstance: 1_dags.get_province_daily manual__2023-09-26T02:58:18.564755+00:00 [running]> on host 615eeecb9afd
[2023-09-26 06:11:25,585] {taskinstance.py:1571} INFO - Exporting the following env vars:
AIRFLOW_CTX_DAG_OWNER=***
AIRFLOW_CTX_DAG_ID=1_dags
AIRFLOW_CTX_TASK_ID=get_province_daily
AIRFLOW_CTX_EXECUTION_DATE=2023-09-26T02:58:18.564755+00:00
AIRFLOW_CTX_TRY_NUMBER=25
AIRFLOW_CTX_DAG_RUN_ID=manual__2023-09-26T02:58:18.564755+00:00
[2023-09-26 06:12:53,315] {python.py:173} INFO - Done. Returned value was: None
[2023-09-26 06:12:53,368] {taskinstance.py:1400} INFO - Marking task as SUCCESS. dag_id=1_dags, task_id=get_province_daily, execution_date=20230926T025818, start_date=20230926T061125, end_date=20230926T061253
[2023-09-26 06:12:53,438] {local_task_job.py:156} INFO - Task exited with return code 0
[2023-09-26 06:12:53,472] {local_task_job.py:273} INFO - 0 downstream tasks scheduled from follow-on schedule check
