[2023-09-26 04:41:35,488] {taskinstance.py:1159} INFO - Dependencies all met for <TaskInstance: 1_dags.get_district_daily manual__2023-09-26T02:58:18.564755+00:00 [queued]>
[2023-09-26 04:41:35,497] {taskinstance.py:1159} INFO - Dependencies all met for <TaskInstance: 1_dags.get_district_daily manual__2023-09-26T02:58:18.564755+00:00 [queued]>
[2023-09-26 04:41:35,498] {taskinstance.py:1356} INFO - 
--------------------------------------------------------------------------------
[2023-09-26 04:41:35,498] {taskinstance.py:1357} INFO - Starting attempt 6 of 6
[2023-09-26 04:41:35,499] {taskinstance.py:1358} INFO - 
--------------------------------------------------------------------------------
[2023-09-26 04:41:35,515] {taskinstance.py:1377} INFO - Executing <Task(PythonOperator): get_district_daily> on 2023-09-26 02:58:18.564755+00:00
[2023-09-26 04:41:35,522] {standard_task_runner.py:52} INFO - Started process 1534 to run task
[2023-09-26 04:41:35,524] {standard_task_runner.py:79} INFO - Running: ['***', 'tasks', 'run', '1_dags', 'get_district_daily', 'manual__2023-09-26T02:58:18.564755+00:00', '--job-id', '33', '--raw', '--subdir', 'DAGS_FOLDER/1_dags.py', '--cfg-path', '/tmp/tmpo7t4jyxn', '--error-file', '/tmp/tmpvslmjzed']
[2023-09-26 04:41:35,525] {standard_task_runner.py:80} INFO - Job 33: Subtask get_district_daily
[2023-09-26 04:41:35,703] {task_command.py:369} INFO - Running <TaskInstance: 1_dags.get_district_daily manual__2023-09-26T02:58:18.564755+00:00 [running]> on host 615eeecb9afd
[2023-09-26 04:41:35,836] {taskinstance.py:1571} INFO - Exporting the following env vars:
AIRFLOW_CTX_DAG_OWNER=***
AIRFLOW_CTX_DAG_ID=1_dags
AIRFLOW_CTX_TASK_ID=get_district_daily
AIRFLOW_CTX_EXECUTION_DATE=2023-09-26T02:58:18.564755+00:00
AIRFLOW_CTX_TRY_NUMBER=6
AIRFLOW_CTX_DAG_RUN_ID=manual__2023-09-26T02:58:18.564755+00:00
[2023-09-26 04:41:46,899] {python.py:173} INFO - Done. Returned value was: None
[2023-09-26 04:41:46,910] {taskinstance.py:1400} INFO - Marking task as SUCCESS. dag_id=1_dags, task_id=get_district_daily, execution_date=20230926T025818, start_date=20230926T044135, end_date=20230926T044146
[2023-09-26 04:41:46,941] {local_task_job.py:156} INFO - Task exited with return code 0
[2023-09-26 04:41:46,965] {local_task_job.py:273} INFO - 0 downstream tasks scheduled from follow-on schedule check
